# JRE version: Java(TM) SE Runtime Environment (8.0_101-b13) (build 1.8.0_101-b13)
# Java VM: Java HotSpot(TM) 64-Bit Server VM (25.101-b13 mixed mode windows-amd64 compressed oops)
Heap:
 PSYoungGen      total 222208K, used 69674K [0x00000000d5e00000, 0x00000000e4580000, 0x0000000100000000)
  eden space 210432K, 29% used [0x00000000d5e00000,0x00000000d99c3740,0x00000000e2b80000)
  from space 11776K, 71% used [0x00000000e3800000,0x00000000e4047458,0x00000000e4380000)
  to   space 12800K, 0% used [0x00000000e2b80000,0x00000000e2b80000,0x00000000e3800000)
 ParOldGen       total 49152K, used 11060K [0x0000000081a00000, 0x0000000084a00000, 0x00000000d5e00000)
  object space 49152K, 22% used [0x0000000081a00000,0x00000000824cd2c0,0x0000000084a00000)
 Metaspace       used 27213K, capacity 28400K, committed 28592K, reserved 1073152K
  class space    used 3649K, capacity 3909K, committed 4016K, reserved 1048576K
GC Heap History (10 events):
Event: 23.002 GC heap before
{Heap before GC invocations=7 (full 1):
 PSYoungGen      total 38400K, used 35692K [0x00000000d5e00000, 0x00000000db600000, 0x0000000100000000)
  eden space 33280K, 99% used [0x00000000d5e00000,0x00000000d7e623a8,0x00000000d7e80000)
  from space 5120K, 49% used [0x00000000d7e80000,0x00000000d80f9030,0x00000000d8380000)
  to   space 11776K, 0% used [0x00000000daa80000,0x00000000daa80000,0x00000000db600000)
 ParOldGen       total 49152K, used 8632K [0x0000000081a00000, 0x0000000084a00000, 0x00000000d5e00000)
  object space 49152K, 17% used [0x0000000081a00000,0x000000008226e290,0x0000000084a00000)
 Metaspace       used 24453K, capacity 25506K, committed 25904K, reserved 1071104K
  class space    used 3343K, capacity 3554K, committed 3632K, reserved 1048576K
Event: 23.006 GC heap after
Heap after GC invocations=7 (full 1):
 PSYoungGen      total 77312K, used 2566K [0x00000000d5e00000, 0x00000000db500000, 0x0000000100000000)
  eden space 66560K, 0% used [0x00000000d5e00000,0x00000000d5e00000,0x00000000d9f00000)
  from space 10752K, 23% used [0x00000000daa80000,0x00000000dad018f0,0x00000000db500000)
  to   space 11264K, 0% used [0x00000000d9f00000,0x00000000d9f00000,0x00000000daa00000)
 ParOldGen       total 49152K, used 8632K [0x0000000081a00000, 0x0000000084a00000, 0x00000000d5e00000)
  object space 49152K, 17% used [0x0000000081a00000,0x000000008226e290,0x0000000084a00000)
 Metaspace       used 24453K, capacity 25506K, committed 25904K, reserved 1071104K
  class space    used 3343K, capacity 3554K, committed 3632K, reserved 1048576K
}
Event: 23.026 GC heap before
{Heap before GC invocations=8 (full 1):
 PSYoungGen      total 77312K, used 69095K [0x00000000d5e00000, 0x00000000db500000, 0x0000000100000000)
  eden space 66560K, 99% used [0x00000000d5e00000,0x00000000d9ef8340,0x00000000d9f00000)
  from space 10752K, 23% used [0x00000000daa80000,0x00000000dad018f0,0x00000000db500000)
  to   space 11264K, 0% used [0x00000000d9f00000,0x00000000d9f00000,0x00000000daa00000)
 ParOldGen       total 49152K, used 8632K [0x0000000081a00000, 0x0000000084a00000, 0x00000000d5e00000)
  object space 49152K, 17% used [0x0000000081a00000,0x000000008226e290,0x0000000084a00000)
 Metaspace       used 24453K, capacity 25506K, committed 25904K, reserved 1071104K
  class space    used 3343K, capacity 3554K, committed 3632K, reserved 1048576K
Event: 23.029 GC heap after
Heap after GC invocations=8 (full 1):
 PSYoungGen      total 77824K, used 2616K [0x00000000d5e00000, 0x00000000df480000, 0x0000000100000000)
  eden space 66560K, 0% used [0x00000000d5e00000,0x00000000d5e00000,0x00000000d9f00000)
  from space 11264K, 23% used [0x00000000d9f00000,0x00000000da18e028,0x00000000daa00000)
  to   space 10752K, 0% used [0x00000000dea00000,0x00000000dea00000,0x00000000df480000)
 ParOldGen       total 49152K, used 8632K [0x0000000081a00000, 0x0000000084a00000, 0x00000000d5e00000)
  object space 49152K, 17% used [0x0000000081a00000,0x000000008226e290,0x0000000084a00000)
 Metaspace       used 24453K, capacity 25506K, committed 25904K, reserved 1071104K
  class space    used 3343K, capacity 3554K, committed 3632K, reserved 1048576K
}
Event: 23.046 GC heap before
{Heap before GC invocations=9 (full 1):
 PSYoungGen      total 77824K, used 69105K [0x00000000d5e00000, 0x00000000df480000, 0x0000000100000000)
  eden space 66560K, 99% used [0x00000000d5e00000,0x00000000d9eee788,0x00000000d9f00000)
  from space 11264K, 23% used [0x00000000d9f00000,0x00000000da18e028,0x00000000daa00000)
  to   space 10752K, 0% used [0x00000000dea00000,0x00000000dea00000,0x00000000df480000)
 ParOldGen       total 49152K, used 8632K [0x0000000081a00000, 0x0000000084a00000, 0x00000000d5e00000)
  object space 49152K, 17% used [0x0000000081a00000,0x000000008226e290,0x0000000084a00000)
 Metaspace       used 24453K, capacity 25506K, committed 25904K, reserved 1071104K
  class space    used 3343K, capacity 3554K, committed 3632K, reserved 1048576K
Event: 23.049 GC heap after
Heap after GC invocations=9 (full 1):
 PSYoungGen      total 143360K, used 218K [0x00000000d5e00000, 0x00000000df480000, 0x0000000100000000)
  eden space 132608K, 0% used [0x00000000d5e00000,0x00000000d5e00000,0x00000000ddf80000)
  from space 10752K, 2% used [0x00000000dea00000,0x00000000dea369a8,0x00000000df480000)
  to   space 10752K, 0% used [0x00000000ddf80000,0x00000000ddf80000,0x00000000dea00000)
 ParOldGen       total 49152K, used 11036K [0x0000000081a00000, 0x0000000084a00000, 0x00000000d5e00000)
  object space 49152K, 22% used [0x0000000081a00000,0x00000000824c72c0,0x0000000084a00000)
 Metaspace       used 24453K, capacity 25506K, committed 25904K, reserved 1071104K
  class space    used 3343K, capacity 3554K, committed 3632K, reserved 1048576K
}
Event: 38.626 GC heap before
{Heap before GC invocations=10 (full 1):
 PSYoungGen      total 143360K, used 132826K [0x00000000d5e00000, 0x00000000df480000, 0x0000000100000000)
  eden space 132608K, 100% used [0x00000000d5e00000,0x00000000ddf80000,0x00000000ddf80000)
  from space 10752K, 2% used [0x00000000dea00000,0x00000000dea369a8,0x00000000df480000)
  to   space 10752K, 0% used [0x00000000ddf80000,0x00000000ddf80000,0x00000000dea00000)
 ParOldGen       total 49152K, used 11036K [0x0000000081a00000, 0x0000000084a00000, 0x00000000d5e00000)
  object space 49152K, 22% used [0x0000000081a00000,0x00000000824c72c0,0x0000000084a00000)
 Metaspace       used 25822K, capacity 26914K, committed 27312K, reserved 1073152K
  class space    used 3482K, capacity 3720K, committed 3760K, reserved 1048576K
Event: 38.633 GC heap after
Heap after GC invocations=10 (full 1):
 PSYoungGen      total 143360K, used 8526K [0x00000000d5e00000, 0x00000000e4380000, 0x0000000100000000)
  eden space 132608K, 0% used [0x00000000d5e00000,0x00000000d5e00000,0x00000000ddf80000)
  from space 10752K, 79% used [0x00000000ddf80000,0x00000000de7d3818,0x00000000dea00000)
  to   space 11776K, 0% used [0x00000000e3800000,0x00000000e3800000,0x00000000e4380000)
 ParOldGen       total 49152K, used 11052K [0x0000000081a00000, 0x0000000084a00000, 0x00000000d5e00000)
  object space 49152K, 22% used [0x0000000081a00000,0x00000000824cb2c0,0x0000000084a00000)
 Metaspace       used 25822K, capacity 26914K, committed 27312K, reserved 1073152K
  class space    used 3482K, capacity 3720K, committed 3760K, reserved 1048576K
}
Event: 47.733 GC heap before
{Heap before GC invocations=11 (full 1):
 PSYoungGen      total 143360K, used 141134K [0x00000000d5e00000, 0x00000000e4380000, 0x0000000100000000)
  eden space 132608K, 100% used [0x00000000d5e00000,0x00000000ddf80000,0x00000000ddf80000)
  from space 10752K, 79% used [0x00000000ddf80000,0x00000000de7d3818,0x00000000dea00000)
  to   space 11776K, 0% used [0x00000000e3800000,0x00000000e3800000,0x00000000e4380000)
 ParOldGen       total 49152K, used 11052K [0x0000000081a00000, 0x0000000084a00000, 0x00000000d5e00000)
  object space 49152K, 22% used [0x0000000081a00000,0x00000000824cb2c0,0x0000000084a00000)
 Metaspace       used 26522K, capacity 27606K, committed 27952K, reserved 1073152K
  class space    used 3574K, capacity 3812K, committed 3888K, reserved 1048576K
Event: 47.737 GC heap after
Heap after GC invocations=11 (full 1):
 PSYoungGen      total 222208K, used 8477K [0x00000000d5e00000, 0x00000000e4580000, 0x0000000100000000)
  eden space 210432K, 0% used [0x00000000d5e00000,0x00000000d5e00000,0x00000000e2b80000)
  from space 11776K, 71% used [0x00000000e3800000,0x00000000e4047458,0x00000000e4380000)
  to   space 12800K, 0% used [0x00000000e2b80000,0x00000000e2b80000,0x00000000e3800000)
 ParOldGen       total 49152K, used 11060K [0x0000000081a00000, 0x0000000084a00000, 0x00000000d5e00000)
  object space 49152K, 22% used [0x0000000081a00000,0x00000000824cd2c0,0x0000000084a00000)
 Metaspace       used 26522K, capacity 27606K, committed 27952K, reserved 1073152K
  class space    used 3574K, capacity 3812K, committed 3888K, reserved 1048576K
}

