# JRE version: Java(TM) SE Runtime Environment (8.0_101-b13) (build 1.8.0_101-b13)
# Java VM: Java HotSpot(TM) 64-Bit Server VM (25.101-b13 mixed mode windows-amd64 compressed oops)
Heap:
 PSYoungGen      total 223232K, used 20458K [0x00000000d5e00000, 0x00000000eca80000, 0x0000000100000000)
  eden space 209920K, 3% used [0x00000000d5e00000,0x00000000d64fbfe8,0x00000000e2b00000)
  from space 13312K, 99% used [0x00000000e2b00000,0x00000000e37fea58,0x00000000e3800000)
  to   space 20480K, 0% used [0x00000000eb680000,0x00000000eb680000,0x00000000eca80000)
 ParOldGen       total 49152K, used 24032K [0x0000000081a00000, 0x0000000084a00000, 0x00000000d5e00000)
  object space 49152K, 48% used [0x0000000081a00000,0x00000000831780b8,0x0000000084a00000)
 Metaspace       used 28488K, capacity 29784K, committed 29872K, reserved 1075200K
  class space    used 3713K, capacity 3987K, committed 4016K, reserved 1048576K
GC Heap History (10 events):
Event: 22.321 GC heap before
{Heap before GC invocations=8 (full 1):
 PSYoungGen      total 77824K, used 69016K [0x00000000d5e00000, 0x00000000db500000, 0x0000000100000000)
  eden space 66560K, 99% used [0x00000000d5e00000,0x00000000d9ef4370,0x00000000d9f00000)
  from space 11264K, 22% used [0x00000000daa00000,0x00000000dac71fd8,0x00000000db500000)
  to   space 11264K, 0% used [0x00000000d9f00000,0x00000000d9f00000,0x00000000daa00000)
 ParOldGen       total 49152K, used 8672K [0x0000000081a00000, 0x0000000084a00000, 0x00000000d5e00000)
  object space 49152K, 17% used [0x0000000081a00000,0x0000000082278108,0x0000000084a00000)
 Metaspace       used 24367K, capacity 25370K, committed 25648K, reserved 1071104K
  class space    used 3344K, capacity 3554K, committed 3632K, reserved 1048576K
Event: 22.324 GC heap after
Heap after GC invocations=8 (full 1):
 PSYoungGen      total 77824K, used 2566K [0x00000000d5e00000, 0x00000000df480000, 0x0000000100000000)
  eden space 66560K, 0% used [0x00000000d5e00000,0x00000000d5e00000,0x00000000d9f00000)
  from space 11264K, 22% used [0x00000000d9f00000,0x00000000da181950,0x00000000daa00000)
  to   space 10752K, 0% used [0x00000000dea00000,0x00000000dea00000,0x00000000df480000)
 ParOldGen       total 49152K, used 8672K [0x0000000081a00000, 0x0000000084a00000, 0x00000000d5e00000)
  object space 49152K, 17% used [0x0000000081a00000,0x0000000082278108,0x0000000084a00000)
 Metaspace       used 24367K, capacity 25370K, committed 25648K, reserved 1071104K
  class space    used 3344K, capacity 3554K, committed 3632K, reserved 1048576K
}
Event: 22.341 GC heap before
{Heap before GC invocations=9 (full 1):
 PSYoungGen      total 77824K, used 69079K [0x00000000d5e00000, 0x00000000df480000, 0x0000000100000000)
  eden space 66560K, 99% used [0x00000000d5e00000,0x00000000d9ef4408,0x00000000d9f00000)
  from space 11264K, 22% used [0x00000000d9f00000,0x00000000da181950,0x00000000daa00000)
  to   space 10752K, 0% used [0x00000000dea00000,0x00000000dea00000,0x00000000df480000)
 ParOldGen       total 49152K, used 8672K [0x0000000081a00000, 0x0000000084a00000, 0x00000000d5e00000)
  object space 49152K, 17% used [0x0000000081a00000,0x0000000082278108,0x0000000084a00000)
 Metaspace       used 24367K, capacity 25370K, committed 25648K, reserved 1071104K
  class space    used 3344K, capacity 3554K, committed 3632K, reserved 1048576K
Event: 22.343 GC heap after
Heap after GC invocations=9 (full 1):
 PSYoungGen      total 143360K, used 186K [0x00000000d5e00000, 0x00000000df480000, 0x0000000100000000)
  eden space 132608K, 0% used [0x00000000d5e00000,0x00000000d5e00000,0x00000000ddf80000)
  from space 10752K, 1% used [0x00000000dea00000,0x00000000dea2e9a8,0x00000000df480000)
  to   space 10752K, 0% used [0x00000000ddf80000,0x00000000ddf80000,0x00000000dea00000)
 ParOldGen       total 49152K, used 11055K [0x0000000081a00000, 0x0000000084a00000, 0x00000000d5e00000)
  object space 49152K, 22% used [0x0000000081a00000,0x00000000824cbeb0,0x0000000084a00000)
 Metaspace       used 24367K, capacity 25370K, committed 25648K, reserved 1071104K
  class space    used 3344K, capacity 3554K, committed 3632K, reserved 1048576K
}
Event: 40.555 GC heap before
{Heap before GC invocations=10 (full 1):
 PSYoungGen      total 143360K, used 131829K [0x00000000d5e00000, 0x00000000df480000, 0x0000000100000000)
  eden space 132608K, 99% used [0x00000000d5e00000,0x00000000dde8ee48,0x00000000ddf80000)
  from space 10752K, 1% used [0x00000000dea00000,0x00000000dea2e9a8,0x00000000df480000)
  to   space 10752K, 0% used [0x00000000ddf80000,0x00000000ddf80000,0x00000000dea00000)
 ParOldGen       total 49152K, used 11055K [0x0000000081a00000, 0x0000000084a00000, 0x00000000d5e00000)
  object space 49152K, 22% used [0x0000000081a00000,0x00000000824cbeb0,0x0000000084a00000)
 Metaspace       used 25822K, capacity 26924K, committed 27056K, reserved 1073152K
  class space    used 3485K, capacity 3723K, committed 3760K, reserved 1048576K
Event: 40.561 GC heap after
Heap after GC invocations=10 (full 1):
 PSYoungGen      total 143360K, used 7862K [0x00000000d5e00000, 0x00000000e4380000, 0x0000000100000000)
  eden space 132608K, 0% used [0x00000000d5e00000,0x00000000d5e00000,0x00000000ddf80000)
  from space 10752K, 73% used [0x00000000ddf80000,0x00000000de72da10,0x00000000dea00000)
  to   space 11776K, 0% used [0x00000000e3800000,0x00000000e3800000,0x00000000e4380000)
 ParOldGen       total 49152K, used 11063K [0x0000000081a00000, 0x0000000084a00000, 0x00000000d5e00000)
  object space 49152K, 22% used [0x0000000081a00000,0x00000000824cdeb0,0x0000000084a00000)
 Metaspace       used 25822K, capacity 26924K, committed 27056K, reserved 1073152K
  class space    used 3485K, capacity 3723K, committed 3760K, reserved 1048576K
}
Event: 55.271 GC heap before
{Heap before GC invocations=11 (full 1):
 PSYoungGen      total 143360K, used 140470K [0x00000000d5e00000, 0x00000000e4380000, 0x0000000100000000)
  eden space 132608K, 100% used [0x00000000d5e00000,0x00000000ddf80000,0x00000000ddf80000)
  from space 10752K, 73% used [0x00000000ddf80000,0x00000000de72da10,0x00000000dea00000)
  to   space 11776K, 0% used [0x00000000e3800000,0x00000000e3800000,0x00000000e4380000)
 ParOldGen       total 49152K, used 11063K [0x0000000081a00000, 0x0000000084a00000, 0x00000000d5e00000)
  object space 49152K, 22% used [0x0000000081a00000,0x00000000824cdeb0,0x0000000084a00000)
 Metaspace       used 26957K, capacity 28168K, committed 28336K, reserved 1073152K
  class space    used 3637K, capacity 3915K, committed 4016K, reserved 1048576K
Event: 55.277 GC heap after
Heap after GC invocations=11 (full 1):
 PSYoungGen      total 221696K, used 10143K [0x00000000d5e00000, 0x00000000e4600000, 0x0000000100000000)
  eden space 209920K, 0% used [0x00000000d5e00000,0x00000000d5e00000,0x00000000e2b00000)
  from space 11776K, 86% used [0x00000000e3800000,0x00000000e41e7da8,0x00000000e4380000)
  to   space 13312K, 0% used [0x00000000e2b00000,0x00000000e2b00000,0x00000000e3800000)
 ParOldGen       total 49152K, used 11071K [0x0000000081a00000, 0x0000000084a00000, 0x00000000d5e00000)
  object space 49152K, 22% used [0x0000000081a00000,0x00000000824cfeb0,0x0000000084a00000)
 Metaspace       used 26957K, capacity 28168K, committed 28336K, reserved 1073152K
  class space    used 3637K, capacity 3915K, committed 4016K, reserved 1048576K
}
Event: 131.627 GC heap before
{Heap before GC invocations=12 (full 1):
 PSYoungGen      total 221696K, used 220063K [0x00000000d5e00000, 0x00000000e4600000, 0x0000000100000000)
  eden space 209920K, 100% used [0x00000000d5e00000,0x00000000e2b00000,0x00000000e2b00000)
  from space 11776K, 86% used [0x00000000e3800000,0x00000000e41e7da8,0x00000000e4380000)
  to   space 13312K, 0% used [0x00000000e2b00000,0x00000000e2b00000,0x00000000e3800000)
 ParOldGen       total 49152K, used 11071K [0x0000000081a00000, 0x0000000084a00000, 0x00000000d5e00000)
  object space 49152K, 22% used [0x0000000081a00000,0x00000000824cff10,0x0000000084a00000)
 Metaspace       used 28485K, capacity 29784K, committed 29872K, reserved 1075200K
  class space    used 3713K, capacity 3987K, committed 4016K, reserved 1048576K
Event: 131.649 GC heap after
Heap after GC invocations=12 (full 1):
 PSYoungGen      total 223232K, used 13306K [0x00000000d5e00000, 0x00000000eca80000, 0x0000000100000000)
  eden space 209920K, 0% used [0x00000000d5e00000,0x00000000d5e00000,0x00000000e2b00000)
  from space 13312K, 99% used [0x00000000e2b00000,0x00000000e37fea58,0x00000000e3800000)
  to   space 20480K, 0% used [0x00000000eb680000,0x00000000eb680000,0x00000000eca80000)
 ParOldGen       total 49152K, used 24032K [0x0000000081a00000, 0x0000000084a00000, 0x00000000d5e00000)
  object space 49152K, 48% used [0x0000000081a00000,0x00000000831780b8,0x0000000084a00000)
 Metaspace       used 28485K, capacity 29784K, committed 29872K, reserved 1075200K
  class space    used 3713K, capacity 3987K, committed 4016K, reserved 1048576K
}

