# JRE version: Java(TM) SE Runtime Environment (8.0_101-b13) (build 1.8.0_101-b13)
# Java VM: Java HotSpot(TM) 64-Bit Server VM (25.101-b13 mixed mode windows-amd64 compressed oops)
Heap:
 PSYoungGen      total 219648K, used 21146K [0x00000000d5e00000, 0x00000000ec200000, 0x0000000100000000)
  eden space 206848K, 4% used [0x00000000d5e00000,0x00000000d6627df0,0x00000000e2800000)
  from space 12800K, 99% used [0x00000000e2800000,0x00000000e347ea18,0x00000000e3480000)
  to   space 19456K, 0% used [0x00000000eaf00000,0x00000000eaf00000,0x00000000ec200000)
 ParOldGen       total 49664K, used 24099K [0x0000000081a00000, 0x0000000084a80000, 0x00000000d5e00000)
  object space 49664K, 48% used [0x0000000081a00000,0x0000000083188fe0,0x0000000084a80000)
 Metaspace       used 28318K, capacity 29536K, committed 29824K, reserved 1075200K
  class space    used 3662K, capacity 3915K, committed 3968K, reserved 1048576K
GC Heap History (10 events):
Event: 12.405 GC heap before
{Heap before GC invocations=8 (full 1):
 PSYoungGen      total 76800K, used 68494K [0x00000000d5e00000, 0x00000000db480000, 0x0000000100000000)
  eden space 66048K, 99% used [0x00000000d5e00000,0x00000000d9e5d918,0x00000000d9e80000)
  from space 10752K, 24% used [0x00000000daa00000,0x00000000dac86268,0x00000000db480000)
  to   space 11264K, 0% used [0x00000000d9e80000,0x00000000d9e80000,0x00000000da980000)
 ParOldGen       total 49664K, used 8793K [0x0000000081a00000, 0x0000000084a80000, 0x00000000d5e00000)
  object space 49664K, 17% used [0x0000000081a00000,0x00000000822965f8,0x0000000084a80000)
 Metaspace       used 24194K, capacity 25232K, committed 25344K, reserved 1071104K
  class space    used 3340K, capacity 3553K, committed 3584K, reserved 1048576K
Event: 12.408 GC heap after
Heap after GC invocations=8 (full 1):
 PSYoungGen      total 77312K, used 2584K [0x00000000d5e00000, 0x00000000df300000, 0x0000000100000000)
  eden space 66048K, 0% used [0x00000000d5e00000,0x00000000d5e00000,0x00000000d9e80000)
  from space 11264K, 22% used [0x00000000d9e80000,0x00000000da106380,0x00000000da980000)
  to   space 10752K, 0% used [0x00000000de880000,0x00000000de880000,0x00000000df300000)
 ParOldGen       total 49664K, used 8793K [0x0000000081a00000, 0x0000000084a80000, 0x00000000d5e00000)
  object space 49664K, 17% used [0x0000000081a00000,0x00000000822965f8,0x0000000084a80000)
 Metaspace       used 24194K, capacity 25232K, committed 25344K, reserved 1071104K
  class space    used 3340K, capacity 3553K, committed 3584K, reserved 1048576K
}
Event: 12.427 GC heap before
{Heap before GC invocations=9 (full 1):
 PSYoungGen      total 77312K, used 68527K [0x00000000d5e00000, 0x00000000df300000, 0x0000000100000000)
  eden space 66048K, 99% used [0x00000000d5e00000,0x00000000d9e65a40,0x00000000d9e80000)
  from space 11264K, 22% used [0x00000000d9e80000,0x00000000da106380,0x00000000da980000)
  to   space 10752K, 0% used [0x00000000de880000,0x00000000de880000,0x00000000df300000)
 ParOldGen       total 49664K, used 8793K [0x0000000081a00000, 0x0000000084a80000, 0x00000000d5e00000)
  object space 49664K, 17% used [0x0000000081a00000,0x00000000822965f8,0x0000000084a80000)
 Metaspace       used 24194K, capacity 25232K, committed 25344K, reserved 1071104K
  class space    used 3340K, capacity 3553K, committed 3584K, reserved 1048576K
Event: 12.429 GC heap after
Heap after GC invocations=9 (full 1):
 PSYoungGen      total 141824K, used 186K [0x00000000d5e00000, 0x00000000df300000, 0x0000000100000000)
  eden space 131072K, 0% used [0x00000000d5e00000,0x00000000d5e00000,0x00000000dde00000)
  from space 10752K, 1% used [0x00000000de880000,0x00000000de8ae8d0,0x00000000df300000)
  to   space 10752K, 0% used [0x00000000dde00000,0x00000000dde00000,0x00000000de880000)
 ParOldGen       total 49664K, used 11194K [0x0000000081a00000, 0x0000000084a80000, 0x00000000d5e00000)
  object space 49664K, 22% used [0x0000000081a00000,0x00000000824ee970,0x0000000084a80000)
 Metaspace       used 24194K, capacity 25232K, committed 25344K, reserved 1071104K
  class space    used 3340K, capacity 3553K, committed 3584K, reserved 1048576K
}
Event: 26.526 GC heap before
{Heap before GC invocations=10 (full 1):
 PSYoungGen      total 141824K, used 131258K [0x00000000d5e00000, 0x00000000df300000, 0x0000000100000000)
  eden space 131072K, 100% used [0x00000000d5e00000,0x00000000dde00000,0x00000000dde00000)
  from space 10752K, 1% used [0x00000000de880000,0x00000000de8ae8d0,0x00000000df300000)
  to   space 10752K, 0% used [0x00000000dde00000,0x00000000dde00000,0x00000000de880000)
 ParOldGen       total 49664K, used 11194K [0x0000000081a00000, 0x0000000084a80000, 0x00000000d5e00000)
  object space 49664K, 22% used [0x0000000081a00000,0x00000000824ee970,0x0000000084a80000)
 Metaspace       used 25556K, capacity 26640K, committed 26880K, reserved 1073152K
  class space    used 3481K, capacity 3719K, committed 3840K, reserved 1048576K
Event: 26.532 GC heap after
Heap after GC invocations=10 (full 1):
 PSYoungGen      total 141824K, used 8541K [0x00000000d5e00000, 0x00000000e4000000, 0x0000000100000000)
  eden space 131072K, 0% used [0x00000000d5e00000,0x00000000d5e00000,0x00000000dde00000)
  from space 10752K, 79% used [0x00000000dde00000,0x00000000de6576d8,0x00000000de880000)
  to   space 11776K, 0% used [0x00000000e3480000,0x00000000e3480000,0x00000000e4000000)
 ParOldGen       total 49664K, used 11202K [0x0000000081a00000, 0x0000000084a80000, 0x00000000d5e00000)
  object space 49664K, 22% used [0x0000000081a00000,0x00000000824f0970,0x0000000084a80000)
 Metaspace       used 25556K, capacity 26640K, committed 26880K, reserved 1073152K
  class space    used 3481K, capacity 3719K, committed 3840K, reserved 1048576K
}
Event: 40.632 GC heap before
{Heap before GC invocations=11 (full 1):
 PSYoungGen      total 141824K, used 139613K [0x00000000d5e00000, 0x00000000e4000000, 0x0000000100000000)
  eden space 131072K, 100% used [0x00000000d5e00000,0x00000000dde00000,0x00000000dde00000)
  from space 10752K, 79% used [0x00000000dde00000,0x00000000de6576d8,0x00000000de880000)
  to   space 11776K, 0% used [0x00000000e3480000,0x00000000e3480000,0x00000000e4000000)
 ParOldGen       total 49664K, used 11202K [0x0000000081a00000, 0x0000000084a80000, 0x00000000d5e00000)
  object space 49664K, 22% used [0x0000000081a00000,0x00000000824f0970,0x0000000084a80000)
 Metaspace       used 26268K, capacity 27396K, committed 27648K, reserved 1073152K
  class space    used 3573K, capacity 3811K, committed 3840K, reserved 1048576K
Event: 40.636 GC heap after
Heap after GC invocations=11 (full 1):
 PSYoungGen      total 218624K, used 8155K [0x00000000d5e00000, 0x00000000e4180000, 0x0000000100000000)
  eden space 206848K, 0% used [0x00000000d5e00000,0x00000000d5e00000,0x00000000e2800000)
  from space 11776K, 69% used [0x00000000e3480000,0x00000000e3c76da0,0x00000000e4000000)
  to   space 12800K, 0% used [0x00000000e2800000,0x00000000e2800000,0x00000000e3480000)
 ParOldGen       total 49664K, used 11210K [0x0000000081a00000, 0x0000000084a80000, 0x00000000d5e00000)
  object space 49664K, 22% used [0x0000000081a00000,0x00000000824f2970,0x0000000084a80000)
 Metaspace       used 26268K, capacity 27396K, committed 27648K, reserved 1073152K
  class space    used 3573K, capacity 3811K, committed 3840K, reserved 1048576K
}
Event: 158.498 GC heap before
{Heap before GC invocations=12 (full 1):
 PSYoungGen      total 218624K, used 215003K [0x00000000d5e00000, 0x00000000e4180000, 0x0000000100000000)
  eden space 206848K, 100% used [0x00000000d5e00000,0x00000000e2800000,0x00000000e2800000)
  from space 11776K, 69% used [0x00000000e3480000,0x00000000e3c76da0,0x00000000e4000000)
  to   space 12800K, 0% used [0x00000000e2800000,0x00000000e2800000,0x00000000e3480000)
 ParOldGen       total 49664K, used 11210K [0x0000000081a00000, 0x0000000084a80000, 0x00000000d5e00000)
  object space 49664K, 22% used [0x0000000081a00000,0x00000000824f2970,0x0000000084a80000)
 Metaspace       used 28302K, capacity 29536K, committed 29824K, reserved 1075200K
  class space    used 3662K, capacity 3915K, committed 3968K, reserved 1048576K
Event: 158.512 GC heap after
Heap after GC invocations=12 (full 1):
 PSYoungGen      total 219648K, used 12794K [0x00000000d5e00000, 0x00000000ec200000, 0x0000000100000000)
  eden space 206848K, 0% used [0x00000000d5e00000,0x00000000d5e00000,0x00000000e2800000)
  from space 12800K, 99% used [0x00000000e2800000,0x00000000e347ea18,0x00000000e3480000)
  to   space 19456K, 0% used [0x00000000eaf00000,0x00000000eaf00000,0x00000000ec200000)
 ParOldGen       total 49664K, used 24099K [0x0000000081a00000, 0x0000000084a80000, 0x00000000d5e00000)
  object space 49664K, 48% used [0x0000000081a00000,0x0000000083188fe0,0x0000000084a80000)
 Metaspace       used 28302K, capacity 29536K, committed 29824K, reserved 1075200K
  class space    used 3662K, capacity 3915K, committed 3968K, reserved 1048576K
}

