# JRE version: Java(TM) SE Runtime Environment (8.0_101-b13) (build 1.8.0_101-b13)
# Java VM: Java HotSpot(TM) 64-Bit Server VM (25.101-b13 mixed mode windows-amd64 compressed oops)
Heap:
 PSYoungGen      total 184320K, used 59515K [0x00000000d5e00000, 0x00000000e2480000, 0x0000000100000000)
  eden space 172544K, 27% used [0x00000000d5e00000,0x00000000d8ca5298,0x00000000e0680000)
  from space 11776K, 99% used [0x00000000e1500000,0x00000000e2079c90,0x00000000e2080000)
  to   space 14848K, 0% used [0x00000000e0680000,0x00000000e0680000,0x00000000e1500000)
 ParOldGen       total 72192K, used 11228K [0x0000000081a00000, 0x0000000086080000, 0x00000000d5e00000)
  object space 72192K, 15% used [0x0000000081a00000,0x00000000824f72b8,0x0000000086080000)
 Metaspace       used 25158K, capacity 26286K, committed 26496K, reserved 1073152K
  class space    used 3411K, capacity 3676K, committed 3712K, reserved 1048576K
GC Heap History (10 events):
Event: 4.270 GC heap before
{Heap before GC invocations=5 (full 1):
 PSYoungGen      total 38400K, used 36030K [0x00000000d5e00000, 0x00000000d9700000, 0x0000000100000000)
  eden space 33280K, 99% used [0x00000000d5e00000,0x00000000d7e7b370,0x00000000d7e80000)
  from space 5120K, 54% used [0x00000000d7e80000,0x00000000d81344b0,0x00000000d8380000)
  to   space 5120K, 0% used [0x00000000d9200000,0x00000000d9200000,0x00000000d9700000)
 ParOldGen       total 72192K, used 9663K [0x0000000081a00000, 0x0000000086080000, 0x00000000d5e00000)
  object space 72192K, 13% used [0x0000000081a00000,0x000000008236fc30,0x0000000086080000)
 Metaspace       used 22636K, capacity 23610K, committed 23936K, reserved 1069056K
  class space    used 3158K, capacity 3408K, committed 3456K, reserved 1048576K
Event: 4.272 GC heap after
Heap after GC invocations=5 (full 1):
 PSYoungGen      total 53248K, used 1550K [0x00000000d5e00000, 0x00000000da380000, 0x0000000100000000)
  eden space 48128K, 0% used [0x00000000d5e00000,0x00000000d5e00000,0x00000000d8d00000)
  from space 5120K, 30% used [0x00000000d9200000,0x00000000d9383af0,0x00000000d9700000)
  to   space 5120K, 0% used [0x00000000d8d00000,0x00000000d8d00000,0x00000000d9200000)
 ParOldGen       total 72192K, used 9671K [0x0000000081a00000, 0x0000000086080000, 0x00000000d5e00000)
  object space 72192K, 13% used [0x0000000081a00000,0x0000000082371c30,0x0000000086080000)
 Metaspace       used 22636K, capacity 23610K, committed 23936K, reserved 1069056K
  class space    used 3158K, capacity 3408K, committed 3456K, reserved 1048576K
}
Event: 4.288 GC heap before
{Heap before GC invocations=6 (full 1):
 PSYoungGen      total 53248K, used 49623K [0x00000000d5e00000, 0x00000000da380000, 0x0000000100000000)
  eden space 48128K, 99% used [0x00000000d5e00000,0x00000000d8cf23b8,0x00000000d8d00000)
  from space 5120K, 30% used [0x00000000d9200000,0x00000000d9383af0,0x00000000d9700000)
  to   space 5120K, 0% used [0x00000000d8d00000,0x00000000d8d00000,0x00000000d9200000)
 ParOldGen       total 72192K, used 9671K [0x0000000081a00000, 0x0000000086080000, 0x00000000d5e00000)
  object space 72192K, 13% used [0x0000000081a00000,0x0000000082371c30,0x0000000086080000)
 Metaspace       used 22636K, capacity 23610K, committed 23936K, reserved 1069056K
  class space    used 3158K, capacity 3408K, committed 3456K, reserved 1048576K
Event: 4.290 GC heap after
Heap after GC invocations=6 (full 1):
 PSYoungGen      total 53248K, used 1519K [0x00000000d5e00000, 0x00000000dd000000, 0x0000000100000000)
  eden space 48128K, 0% used [0x00000000d5e00000,0x00000000d5e00000,0x00000000d8d00000)
  from space 5120K, 29% used [0x00000000d8d00000,0x00000000d8e7be00,0x00000000d9200000)
  to   space 12800K, 0% used [0x00000000dc380000,0x00000000dc380000,0x00000000dd000000)
 ParOldGen       total 72192K, used 9671K [0x0000000081a00000, 0x0000000086080000, 0x00000000d5e00000)
  object space 72192K, 13% used [0x0000000081a00000,0x0000000082371c30,0x0000000086080000)
 Metaspace       used 22636K, capacity 23610K, committed 23936K, reserved 1069056K
  class space    used 3158K, capacity 3408K, committed 3456K, reserved 1048576K
}
Event: 4.303 GC heap before
{Heap before GC invocations=7 (full 1):
 PSYoungGen      total 53248K, used 49551K [0x00000000d5e00000, 0x00000000dd000000, 0x0000000100000000)
  eden space 48128K, 99% used [0x00000000d5e00000,0x00000000d8ce8000,0x00000000d8d00000)
  from space 5120K, 29% used [0x00000000d8d00000,0x00000000d8e7be00,0x00000000d9200000)
  to   space 12800K, 0% used [0x00000000dc380000,0x00000000dc380000,0x00000000dd000000)
 ParOldGen       total 72192K, used 9671K [0x0000000081a00000, 0x0000000086080000, 0x00000000d5e00000)
  object space 72192K, 13% used [0x0000000081a00000,0x0000000082371c30,0x0000000086080000)
 Metaspace       used 22636K, capacity 23610K, committed 23936K, reserved 1069056K
  class space    used 3158K, capacity 3408K, committed 3456K, reserved 1048576K
Event: 4.305 GC heap after
Heap after GC invocations=7 (full 1):
 PSYoungGen      total 104448K, used 1558K [0x00000000d5e00000, 0x00000000dd080000, 0x0000000100000000)
  eden space 91648K, 0% used [0x00000000d5e00000,0x00000000d5e00000,0x00000000db780000)
  from space 12800K, 12% used [0x00000000dc380000,0x00000000dc505b00,0x00000000dd000000)
  to   space 12288K, 0% used [0x00000000db780000,0x00000000db780000,0x00000000dc380000)
 ParOldGen       total 72192K, used 9671K [0x0000000081a00000, 0x0000000086080000, 0x00000000d5e00000)
  object space 72192K, 13% used [0x0000000081a00000,0x0000000082371c30,0x0000000086080000)
 Metaspace       used 22636K, capacity 23610K, committed 23936K, reserved 1069056K
  class space    used 3158K, capacity 3408K, committed 3456K, reserved 1048576K
}
Event: 4.332 GC heap before
{Heap before GC invocations=8 (full 1):
 PSYoungGen      total 104448K, used 93153K [0x00000000d5e00000, 0x00000000dd080000, 0x0000000100000000)
  eden space 91648K, 99% used [0x00000000d5e00000,0x00000000db772bf8,0x00000000db780000)
  from space 12800K, 12% used [0x00000000dc380000,0x00000000dc505b00,0x00000000dd000000)
  to   space 12288K, 0% used [0x00000000db780000,0x00000000db780000,0x00000000dc380000)
 ParOldGen       total 72192K, used 9671K [0x0000000081a00000, 0x0000000086080000, 0x00000000d5e00000)
  object space 72192K, 13% used [0x0000000081a00000,0x0000000082371c30,0x0000000086080000)
 Metaspace       used 22636K, capacity 23610K, committed 23936K, reserved 1069056K
  class space    used 3158K, capacity 3408K, committed 3456K, reserved 1048576K
Event: 4.334 GC heap after
Heap after GC invocations=8 (full 1):
 PSYoungGen      total 103936K, used 1697K [0x00000000d5e00000, 0x00000000e2080000, 0x0000000100000000)
  eden space 91648K, 0% used [0x00000000d5e00000,0x00000000d5e00000,0x00000000db780000)
  from space 12288K, 13% used [0x00000000db780000,0x00000000db9286d0,0x00000000dc380000)
  to   space 11776K, 0% used [0x00000000e1500000,0x00000000e1500000,0x00000000e2080000)
 ParOldGen       total 72192K, used 9671K [0x0000000081a00000, 0x0000000086080000, 0x00000000d5e00000)
  object space 72192K, 13% used [0x0000000081a00000,0x0000000082371c30,0x0000000086080000)
 Metaspace       used 22636K, capacity 23610K, committed 23936K, reserved 1069056K
  class space    used 3158K, capacity 3408K, committed 3456K, reserved 1048576K
}
Event: 6.917 GC heap before
{Heap before GC invocations=9 (full 1):
 PSYoungGen      total 103936K, used 93345K [0x00000000d5e00000, 0x00000000e2080000, 0x0000000100000000)
  eden space 91648K, 100% used [0x00000000d5e00000,0x00000000db780000,0x00000000db780000)
  from space 12288K, 13% used [0x00000000db780000,0x00000000db9286d0,0x00000000dc380000)
  to   space 11776K, 0% used [0x00000000e1500000,0x00000000e1500000,0x00000000e2080000)
 ParOldGen       total 72192K, used 9671K [0x0000000081a00000, 0x0000000086080000, 0x00000000d5e00000)
  object space 72192K, 13% used [0x0000000081a00000,0x0000000082371cb0,0x0000000086080000)
 Metaspace       used 24833K, capacity 25988K, committed 26240K, reserved 1071104K
  class space    used 3401K, capacity 3669K, committed 3712K, reserved 1048576K
Event: 6.926 GC heap after
Heap after GC invocations=9 (full 1):
 PSYoungGen      total 184320K, used 11751K [0x00000000d5e00000, 0x00000000e2480000, 0x0000000100000000)
  eden space 172544K, 0% used [0x00000000d5e00000,0x00000000d5e00000,0x00000000e0680000)
  from space 11776K, 99% used [0x00000000e1500000,0x00000000e2079c90,0x00000000e2080000)
  to   space 14848K, 0% used [0x00000000e0680000,0x00000000e0680000,0x00000000e1500000)
 ParOldGen       total 72192K, used 11228K [0x0000000081a00000, 0x0000000086080000, 0x00000000d5e00000)
  object space 72192K, 15% used [0x0000000081a00000,0x00000000824f72b8,0x0000000086080000)
 Metaspace       used 24833K, capacity 25988K, committed 26240K, reserved 1071104K
  class space    used 3401K, capacity 3669K, committed 3712K, reserved 1048576K
}

