# JRE version: Java(TM) SE Runtime Environment (8.0_101-b13) (build 1.8.0_101-b13)
# Java VM: Java HotSpot(TM) 64-Bit Server VM (25.101-b13 mixed mode windows-amd64 compressed oops)
Heap:
 PSYoungGen      total 112640K, used 90912K [0x00000000d5e00000, 0x00000000e3200000, 0x0000000100000000)
  eden space 100352K, 88% used [0x00000000d5e00000,0x00000000db535f50,0x00000000dc000000)
  from space 12288K, 13% used [0x00000000dc000000,0x00000000dc192278,0x00000000dcc00000)
  to   space 11776K, 0% used [0x00000000e2680000,0x00000000e2680000,0x00000000e3200000)
 ParOldGen       total 51200K, used 9650K [0x0000000081a00000, 0x0000000084c00000, 0x00000000d5e00000)
  object space 51200K, 18% used [0x0000000081a00000,0x000000008236ca10,0x0000000084c00000)
 Metaspace       used 24875K, capacity 26066K, committed 26240K, reserved 1071104K
  class space    used 3403K, capacity 3676K, committed 3712K, reserved 1048576K
GC Heap History (10 events):
Event: 5.577 GC heap before
{Heap before GC invocations=4 (full 1):
 PSYoungGen      total 38400K, used 33274K [0x00000000d5e00000, 0x00000000d8880000, 0x0000000100000000)
  eden space 33280K, 99% used [0x00000000d5e00000,0x00000000d7e7e9a0,0x00000000d7e80000)
  from space 5120K, 0% used [0x00000000d8380000,0x00000000d8380000,0x00000000d8880000)
  to   space 5120K, 0% used [0x00000000d7e80000,0x00000000d7e80000,0x00000000d8380000)
 ParOldGen       total 51200K, used 9634K [0x0000000081a00000, 0x0000000084c00000, 0x00000000d5e00000)
  object space 51200K, 18% used [0x0000000081a00000,0x0000000082368a10,0x0000000084c00000)
 Metaspace       used 22643K, capacity 23606K, committed 23936K, reserved 1069056K
  class space    used 3159K, capacity 3408K, committed 3456K, reserved 1048576K
Event: 5.583 GC heap after
Heap after GC invocations=4 (full 1):
 PSYoungGen      total 38400K, used 2725K [0x00000000d5e00000, 0x00000000d9b00000, 0x0000000100000000)
  eden space 33280K, 0% used [0x00000000d5e00000,0x00000000d5e00000,0x00000000d7e80000)
  from space 5120K, 53% used [0x00000000d7e80000,0x00000000d8129490,0x00000000d8380000)
  to   space 5120K, 0% used [0x00000000d9600000,0x00000000d9600000,0x00000000d9b00000)
 ParOldGen       total 51200K, used 9642K [0x0000000081a00000, 0x0000000084c00000, 0x00000000d5e00000)
  object space 51200K, 18% used [0x0000000081a00000,0x000000008236aa10,0x0000000084c00000)
 Metaspace       used 22643K, capacity 23606K, committed 23936K, reserved 1069056K
  class space    used 3159K, capacity 3408K, committed 3456K, reserved 1048576K
}
Event: 5.597 GC heap before
{Heap before GC invocations=5 (full 1):
 PSYoungGen      total 38400K, used 35952K [0x00000000d5e00000, 0x00000000d9b00000, 0x0000000100000000)
  eden space 33280K, 99% used [0x00000000d5e00000,0x00000000d7e72b78,0x00000000d7e80000)
  from space 5120K, 53% used [0x00000000d7e80000,0x00000000d8129490,0x00000000d8380000)
  to   space 5120K, 0% used [0x00000000d9600000,0x00000000d9600000,0x00000000d9b00000)
 ParOldGen       total 51200K, used 9642K [0x0000000081a00000, 0x0000000084c00000, 0x00000000d5e00000)
  object space 51200K, 18% used [0x0000000081a00000,0x000000008236aa10,0x0000000084c00000)
 Metaspace       used 22644K, capacity 23606K, committed 23936K, reserved 1069056K
  class space    used 3159K, capacity 3408K, committed 3456K, reserved 1048576K
Event: 5.599 GC heap after
Heap after GC invocations=5 (full 1):
 PSYoungGen      total 57344K, used 1504K [0x00000000d5e00000, 0x00000000da500000, 0x0000000100000000)
  eden space 52224K, 0% used [0x00000000d5e00000,0x00000000d5e00000,0x00000000d9100000)
  from space 5120K, 29% used [0x00000000d9600000,0x00000000d9778180,0x00000000d9b00000)
  to   space 5120K, 0% used [0x00000000d9100000,0x00000000d9100000,0x00000000d9600000)
 ParOldGen       total 51200K, used 9650K [0x0000000081a00000, 0x0000000084c00000, 0x00000000d5e00000)
  object space 51200K, 18% used [0x0000000081a00000,0x000000008236ca10,0x0000000084c00000)
 Metaspace       used 22644K, capacity 23606K, committed 23936K, reserved 1069056K
  class space    used 3159K, capacity 3408K, committed 3456K, reserved 1048576K
}
Event: 5.616 GC heap before
{Heap before GC invocations=6 (full 1):
 PSYoungGen      total 57344K, used 53693K [0x00000000d5e00000, 0x00000000da500000, 0x0000000100000000)
  eden space 52224K, 99% used [0x00000000d5e00000,0x00000000d90f7438,0x00000000d9100000)
  from space 5120K, 29% used [0x00000000d9600000,0x00000000d9778180,0x00000000d9b00000)
  to   space 5120K, 0% used [0x00000000d9100000,0x00000000d9100000,0x00000000d9600000)
 ParOldGen       total 51200K, used 9650K [0x0000000081a00000, 0x0000000084c00000, 0x00000000d5e00000)
  object space 51200K, 18% used [0x0000000081a00000,0x000000008236ca10,0x0000000084c00000)
 Metaspace       used 22645K, capacity 23606K, committed 23936K, reserved 1069056K
  class space    used 3159K, capacity 3408K, committed 3456K, reserved 1048576K
Event: 5.618 GC heap after
Heap after GC invocations=6 (full 1):
 PSYoungGen      total 57344K, used 1556K [0x00000000d5e00000, 0x00000000dd880000, 0x0000000100000000)
  eden space 52224K, 0% used [0x00000000d5e00000,0x00000000d5e00000,0x00000000d9100000)
  from space 5120K, 30% used [0x00000000d9100000,0x00000000d9285008,0x00000000d9600000)
  to   space 12800K, 0% used [0x00000000dcc00000,0x00000000dcc00000,0x00000000dd880000)
 ParOldGen       total 51200K, used 9650K [0x0000000081a00000, 0x0000000084c00000, 0x00000000d5e00000)
  object space 51200K, 18% used [0x0000000081a00000,0x000000008236ca10,0x0000000084c00000)
 Metaspace       used 22645K, capacity 23606K, committed 23936K, reserved 1069056K
  class space    used 3159K, capacity 3408K, committed 3456K, reserved 1048576K
}
Event: 5.631 GC heap before
{Heap before GC invocations=7 (full 1):
 PSYoungGen      total 57344K, used 53750K [0x00000000d5e00000, 0x00000000dd880000, 0x0000000100000000)
  eden space 52224K, 99% used [0x00000000d5e00000,0x00000000d90f8830,0x00000000d9100000)
  from space 5120K, 30% used [0x00000000d9100000,0x00000000d9285008,0x00000000d9600000)
  to   space 12800K, 0% used [0x00000000dcc00000,0x00000000dcc00000,0x00000000dd880000)
 ParOldGen       total 51200K, used 9650K [0x0000000081a00000, 0x0000000084c00000, 0x00000000d5e00000)
  object space 51200K, 18% used [0x0000000081a00000,0x000000008236ca10,0x0000000084c00000)
 Metaspace       used 22645K, capacity 23606K, committed 23936K, reserved 1069056K
  class space    used 3159K, capacity 3408K, committed 3456K, reserved 1048576K
Event: 5.633 GC heap after
Heap after GC invocations=7 (full 1):
 PSYoungGen      total 113152K, used 1567K [0x00000000d5e00000, 0x00000000dd880000, 0x0000000100000000)
  eden space 100352K, 0% used [0x00000000d5e00000,0x00000000d5e00000,0x00000000dc000000)
  from space 12800K, 12% used [0x00000000dcc00000,0x00000000dcd87c40,0x00000000dd880000)
  to   space 12288K, 0% used [0x00000000dc000000,0x00000000dc000000,0x00000000dcc00000)
 ParOldGen       total 51200K, used 9650K [0x0000000081a00000, 0x0000000084c00000, 0x00000000d5e00000)
  object space 51200K, 18% used [0x0000000081a00000,0x000000008236ca10,0x0000000084c00000)
 Metaspace       used 22645K, capacity 23606K, committed 23936K, reserved 1069056K
  class space    used 3159K, capacity 3408K, committed 3456K, reserved 1048576K
}
Event: 5.669 GC heap before
{Heap before GC invocations=8 (full 1):
 PSYoungGen      total 113152K, used 101919K [0x00000000d5e00000, 0x00000000dd880000, 0x0000000100000000)
  eden space 100352K, 100% used [0x00000000d5e00000,0x00000000dc000000,0x00000000dc000000)
  from space 12800K, 12% used [0x00000000dcc00000,0x00000000dcd87c40,0x00000000dd880000)
  to   space 12288K, 0% used [0x00000000dc000000,0x00000000dc000000,0x00000000dcc00000)
 ParOldGen       total 51200K, used 9650K [0x0000000081a00000, 0x0000000084c00000, 0x00000000d5e00000)
  object space 51200K, 18% used [0x0000000081a00000,0x000000008236ca10,0x0000000084c00000)
 Metaspace       used 22659K, capacity 23670K, committed 23936K, reserved 1069056K
  class space    used 3159K, capacity 3408K, committed 3456K, reserved 1048576K
Event: 5.671 GC heap after
Heap after GC invocations=8 (full 1):
 PSYoungGen      total 112640K, used 1608K [0x00000000d5e00000, 0x00000000e3200000, 0x0000000100000000)
  eden space 100352K, 0% used [0x00000000d5e00000,0x00000000d5e00000,0x00000000dc000000)
  from space 12288K, 13% used [0x00000000dc000000,0x00000000dc192278,0x00000000dcc00000)
  to   space 11776K, 0% used [0x00000000e2680000,0x00000000e2680000,0x00000000e3200000)
 ParOldGen       total 51200K, used 9650K [0x0000000081a00000, 0x0000000084c00000, 0x00000000d5e00000)
  object space 51200K, 18% used [0x0000000081a00000,0x000000008236ca10,0x0000000084c00000)
 Metaspace       used 22659K, capacity 23670K, committed 23936K, reserved 1069056K
  class space    used 3159K, capacity 3408K, committed 3456K, reserved 1048576K
}

