# JRE version: Java(TM) SE Runtime Environment (8.0_101-b13) (build 1.8.0_101-b13)
# Java VM: Java HotSpot(TM) 64-Bit Server VM (25.101-b13 mixed mode windows-amd64 compressed oops)
Heap:
 PSYoungGen      total 218112K, used 182833K [0x00000000d5e00000, 0x00000000e4000000, 0x0000000100000000)
  eden space 207360K, 84% used [0x00000000d5e00000,0x00000000e086f970,0x00000000e2880000)
  from space 10752K, 77% used [0x00000000e3400000,0x00000000e3c1cae8,0x00000000e3e80000)
  to   space 11776K, 0% used [0x00000000e2880000,0x00000000e2880000,0x00000000e3400000)
 ParOldGen       total 46592K, used 11154K [0x0000000081a00000, 0x0000000084780000, 0x00000000d5e00000)
  object space 46592K, 23% used [0x0000000081a00000,0x00000000824e4908,0x0000000084780000)
 Metaspace       used 27495K, capacity 28706K, committed 28800K, reserved 1075200K
  class space    used 3649K, capacity 3906K, committed 3968K, reserved 1048576K
GC Heap History (10 events):
Event: 15.720 GC heap before
{Heap before GC invocations=7 (full 1):
 PSYoungGen      total 38400K, used 35695K [0x00000000d5e00000, 0x00000000db180000, 0x0000000100000000)
  eden space 33280K, 99% used [0x00000000d5e00000,0x00000000d7e6b878,0x00000000d7e80000)
  from space 5120K, 48% used [0x00000000d7e80000,0x00000000d80f0598,0x00000000d8380000)
  to   space 9728K, 0% used [0x00000000da800000,0x00000000da800000,0x00000000db180000)
 ParOldGen       total 46592K, used 8729K [0x0000000081a00000, 0x0000000084780000, 0x00000000d5e00000)
  object space 46592K, 18% used [0x0000000081a00000,0x00000000822864d8,0x0000000084780000)
 Metaspace       used 24315K, capacity 25366K, committed 25600K, reserved 1071104K
  class space    used 3336K, capacity 3554K, committed 3584K, reserved 1048576K
Event: 15.722 GC heap after
Heap after GC invocations=7 (full 1):
 PSYoungGen      total 74752K, used 2550K [0x00000000d5e00000, 0x00000000db080000, 0x0000000100000000)
  eden space 66048K, 0% used [0x00000000d5e00000,0x00000000d5e00000,0x00000000d9e80000)
  from space 8704K, 29% used [0x00000000da800000,0x00000000daa7d9d8,0x00000000db080000)
  to   space 9216K, 0% used [0x00000000d9e80000,0x00000000d9e80000,0x00000000da780000)
 ParOldGen       total 46592K, used 8729K [0x0000000081a00000, 0x0000000084780000, 0x00000000d5e00000)
  object space 46592K, 18% used [0x0000000081a00000,0x00000000822864d8,0x0000000084780000)
 Metaspace       used 24315K, capacity 25366K, committed 25600K, reserved 1071104K
  class space    used 3336K, capacity 3554K, committed 3584K, reserved 1048576K
}
Event: 15.742 GC heap before
{Heap before GC invocations=8 (full 1):
 PSYoungGen      total 74752K, used 68495K [0x00000000d5e00000, 0x00000000db080000, 0x0000000100000000)
  eden space 66048K, 99% used [0x00000000d5e00000,0x00000000d9e66410,0x00000000d9e80000)
  from space 8704K, 29% used [0x00000000da800000,0x00000000daa7d9d8,0x00000000db080000)
  to   space 9216K, 0% used [0x00000000d9e80000,0x00000000d9e80000,0x00000000da780000)
 ParOldGen       total 46592K, used 8729K [0x0000000081a00000, 0x0000000084780000, 0x00000000d5e00000)
  object space 46592K, 18% used [0x0000000081a00000,0x00000000822864d8,0x0000000084780000)
 Metaspace       used 24315K, capacity 25366K, committed 25600K, reserved 1071104K
  class space    used 3336K, capacity 3554K, committed 3584K, reserved 1048576K
Event: 15.744 GC heap after
Heap after GC invocations=8 (full 1):
 PSYoungGen      total 75264K, used 2584K [0x00000000d5e00000, 0x00000000df000000, 0x0000000100000000)
  eden space 66048K, 0% used [0x00000000d5e00000,0x00000000d5e00000,0x00000000d9e80000)
  from space 9216K, 28% used [0x00000000d9e80000,0x00000000da1061b8,0x00000000da780000)
  to   space 9216K, 0% used [0x00000000de700000,0x00000000de700000,0x00000000df000000)
 ParOldGen       total 46592K, used 8729K [0x0000000081a00000, 0x0000000084780000, 0x00000000d5e00000)
  object space 46592K, 18% used [0x0000000081a00000,0x00000000822864d8,0x0000000084780000)
 Metaspace       used 24315K, capacity 25366K, committed 25600K, reserved 1071104K
  class space    used 3336K, capacity 3554K, committed 3584K, reserved 1048576K
}
Event: 15.760 GC heap before
{Heap before GC invocations=9 (full 1):
 PSYoungGen      total 75264K, used 68452K [0x00000000d5e00000, 0x00000000df000000, 0x0000000100000000)
  eden space 66048K, 99% used [0x00000000d5e00000,0x00000000d9e530a0,0x00000000d9e80000)
  from space 9216K, 28% used [0x00000000d9e80000,0x00000000da1061b8,0x00000000da780000)
  to   space 9216K, 0% used [0x00000000de700000,0x00000000de700000,0x00000000df000000)
 ParOldGen       total 46592K, used 8729K [0x0000000081a00000, 0x0000000084780000, 0x00000000d5e00000)
  object space 46592K, 18% used [0x0000000081a00000,0x00000000822864d8,0x0000000084780000)
 Metaspace       used 24315K, capacity 25366K, committed 25600K, reserved 1071104K
  class space    used 3336K, capacity 3554K, committed 3584K, reserved 1048576K
Event: 15.763 GC heap after
Heap after GC invocations=9 (full 1):
 PSYoungGen      total 140288K, used 186K [0x00000000d5e00000, 0x00000000df000000, 0x0000000100000000)
  eden space 131072K, 0% used [0x00000000d5e00000,0x00000000d5e00000,0x00000000dde00000)
  from space 9216K, 2% used [0x00000000de700000,0x00000000de72e840,0x00000000df000000)
  to   space 9216K, 0% used [0x00000000dde00000,0x00000000dde00000,0x00000000de700000)
 ParOldGen       total 46592K, used 11138K [0x0000000081a00000, 0x0000000084780000, 0x00000000d5e00000)
  object space 46592K, 23% used [0x0000000081a00000,0x00000000824e0908,0x0000000084780000)
 Metaspace       used 24315K, capacity 25366K, committed 25600K, reserved 1071104K
  class space    used 3336K, capacity 3554K, committed 3584K, reserved 1048576K
}
Event: 29.679 GC heap before
{Heap before GC invocations=10 (full 1):
 PSYoungGen      total 140288K, used 131258K [0x00000000d5e00000, 0x00000000df000000, 0x0000000100000000)
  eden space 131072K, 100% used [0x00000000d5e00000,0x00000000dde00000,0x00000000dde00000)
  from space 9216K, 2% used [0x00000000de700000,0x00000000de72e840,0x00000000df000000)
  to   space 9216K, 0% used [0x00000000dde00000,0x00000000dde00000,0x00000000de700000)
 ParOldGen       total 46592K, used 11138K [0x0000000081a00000, 0x0000000084780000, 0x00000000d5e00000)
  object space 46592K, 23% used [0x0000000081a00000,0x00000000824e0908,0x0000000084780000)
 Metaspace       used 25626K, capacity 26664K, committed 27008K, reserved 1073152K
  class space    used 3467K, capacity 3685K, committed 3712K, reserved 1048576K
Event: 29.686 GC heap after
Heap after GC invocations=10 (full 1):
 PSYoungGen      total 140288K, used 8560K [0x00000000d5e00000, 0x00000000e3e80000, 0x0000000100000000)
  eden space 131072K, 0% used [0x00000000d5e00000,0x00000000d5e00000,0x00000000dde00000)
  from space 9216K, 92% used [0x00000000dde00000,0x00000000de65c378,0x00000000de700000)
  to   space 10752K, 0% used [0x00000000e3400000,0x00000000e3400000,0x00000000e3e80000)
 ParOldGen       total 46592K, used 11146K [0x0000000081a00000, 0x0000000084780000, 0x00000000d5e00000)
  object space 46592K, 23% used [0x0000000081a00000,0x00000000824e2908,0x0000000084780000)
 Metaspace       used 25626K, capacity 26664K, committed 27008K, reserved 1073152K
  class space    used 3467K, capacity 3685K, committed 3712K, reserved 1048576K
}
Event: 48.980 GC heap before
{Heap before GC invocations=11 (full 1):
 PSYoungGen      total 140288K, used 139632K [0x00000000d5e00000, 0x00000000e3e80000, 0x0000000100000000)
  eden space 131072K, 100% used [0x00000000d5e00000,0x00000000dde00000,0x00000000dde00000)
  from space 9216K, 92% used [0x00000000dde00000,0x00000000de65c378,0x00000000de700000)
  to   space 10752K, 0% used [0x00000000e3400000,0x00000000e3400000,0x00000000e3e80000)
 ParOldGen       total 46592K, used 11146K [0x0000000081a00000, 0x0000000084780000, 0x00000000d5e00000)
  object space 46592K, 23% used [0x0000000081a00000,0x00000000824e2908,0x0000000084780000)
 Metaspace       used 26401K, capacity 27506K, committed 27648K, reserved 1073152K
  class space    used 3565K, capacity 3802K, committed 3840K, reserved 1048576K
Event: 48.985 GC heap after
Heap after GC invocations=11 (full 1):
 PSYoungGen      total 218112K, used 8306K [0x00000000d5e00000, 0x00000000e4000000, 0x0000000100000000)
  eden space 207360K, 0% used [0x00000000d5e00000,0x00000000d5e00000,0x00000000e2880000)
  from space 10752K, 77% used [0x00000000e3400000,0x00000000e3c1cae8,0x00000000e3e80000)
  to   space 11776K, 0% used [0x00000000e2880000,0x00000000e2880000,0x00000000e3400000)
 ParOldGen       total 46592K, used 11154K [0x0000000081a00000, 0x0000000084780000, 0x00000000d5e00000)
  object space 46592K, 23% used [0x0000000081a00000,0x00000000824e4908,0x0000000084780000)
 Metaspace       used 26401K, capacity 27506K, committed 27648K, reserved 1073152K
  class space    used 3565K, capacity 3802K, committed 3840K, reserved 1048576K
}

