# JRE version: Java(TM) SE Runtime Environment (8.0_101-b13) (build 1.8.0_101-b13)
# Java VM: Java HotSpot(TM) 64-Bit Server VM (25.101-b13 mixed mode windows-amd64 compressed oops)
Heap:
 PSYoungGen      total 186880K, used 43910K [0x00000000d5e00000, 0x00000000e2400000, 0x0000000100000000)
  eden space 175104K, 19% used [0x00000000d5e00000,0x00000000d7e965b8,0x00000000e0900000)
  from space 11776K, 89% used [0x00000000e1680000,0x00000000e20cb320,0x00000000e2200000)
  to   space 13824K, 0% used [0x00000000e0900000,0x00000000e0900000,0x00000000e1680000)
 ParOldGen       total 74240K, used 10985K [0x0000000081a00000, 0x0000000086280000, 0x00000000d5e00000)
  object space 74240K, 14% used [0x0000000081a00000,0x00000000824ba7c8,0x0000000086280000)
 Metaspace       used 24944K, capacity 26080K, committed 26240K, reserved 1071104K
  class space    used 3405K, capacity 3677K, committed 3712K, reserved 1048576K
GC Heap History (10 events):
Event: 4.548 GC heap before
{Heap before GC invocations=5 (full 1):
 PSYoungGen      total 38400K, used 36043K [0x00000000d5e00000, 0x00000000d9800000, 0x0000000100000000)
  eden space 33280K, 99% used [0x00000000d5e00000,0x00000000d7e72e08,0x00000000d7e80000)
  from space 5120K, 54% used [0x00000000d7e80000,0x00000000d813ff38,0x00000000d8380000)
  to   space 5120K, 0% used [0x00000000d9300000,0x00000000d9300000,0x00000000d9800000)
 ParOldGen       total 74240K, used 9673K [0x0000000081a00000, 0x0000000086280000, 0x00000000d5e00000)
  object space 74240K, 13% used [0x0000000081a00000,0x0000000082372510,0x0000000086280000)
 Metaspace       used 22663K, capacity 23678K, committed 23936K, reserved 1069056K
  class space    used 3158K, capacity 3408K, committed 3456K, reserved 1048576K
Event: 4.550 GC heap after
Heap after GC invocations=5 (full 1):
 PSYoungGen      total 54272K, used 1617K [0x00000000d5e00000, 0x00000000da400000, 0x0000000100000000)
  eden space 49152K, 0% used [0x00000000d5e00000,0x00000000d5e00000,0x00000000d8e00000)
  from space 5120K, 31% used [0x00000000d9300000,0x00000000d9494600,0x00000000d9800000)
  to   space 5120K, 0% used [0x00000000d8e00000,0x00000000d8e00000,0x00000000d9300000)
 ParOldGen       total 74240K, used 9681K [0x0000000081a00000, 0x0000000086280000, 0x00000000d5e00000)
  object space 74240K, 13% used [0x0000000081a00000,0x0000000082374510,0x0000000086280000)
 Metaspace       used 22663K, capacity 23678K, committed 23936K, reserved 1069056K
  class space    used 3158K, capacity 3408K, committed 3456K, reserved 1048576K
}
Event: 4.566 GC heap before
{Heap before GC invocations=6 (full 1):
 PSYoungGen      total 54272K, used 50750K [0x00000000d5e00000, 0x00000000da400000, 0x0000000100000000)
  eden space 49152K, 99% used [0x00000000d5e00000,0x00000000d8dfb4e0,0x00000000d8e00000)
  from space 5120K, 31% used [0x00000000d9300000,0x00000000d9494600,0x00000000d9800000)
  to   space 5120K, 0% used [0x00000000d8e00000,0x00000000d8e00000,0x00000000d9300000)
 ParOldGen       total 74240K, used 9681K [0x0000000081a00000, 0x0000000086280000, 0x00000000d5e00000)
  object space 74240K, 13% used [0x0000000081a00000,0x0000000082374510,0x0000000086280000)
 Metaspace       used 22663K, capacity 23678K, committed 23936K, reserved 1069056K
  class space    used 3158K, capacity 3408K, committed 3456K, reserved 1048576K
Event: 4.568 GC heap after
Heap after GC invocations=6 (full 1):
 PSYoungGen      total 54272K, used 1599K [0x00000000d5e00000, 0x00000000dd180000, 0x0000000100000000)
  eden space 49152K, 0% used [0x00000000d5e00000,0x00000000d5e00000,0x00000000d8e00000)
  from space 5120K, 31% used [0x00000000d8e00000,0x00000000d8f8fe58,0x00000000d9300000)
  to   space 12800K, 0% used [0x00000000dc500000,0x00000000dc500000,0x00000000dd180000)
 ParOldGen       total 74240K, used 9681K [0x0000000081a00000, 0x0000000086280000, 0x00000000d5e00000)
  object space 74240K, 13% used [0x0000000081a00000,0x0000000082374510,0x0000000086280000)
 Metaspace       used 22663K, capacity 23678K, committed 23936K, reserved 1069056K
  class space    used 3158K, capacity 3408K, committed 3456K, reserved 1048576K
}
Event: 4.581 GC heap before
{Heap before GC invocations=7 (full 1):
 PSYoungGen      total 54272K, used 50727K [0x00000000d5e00000, 0x00000000dd180000, 0x0000000100000000)
  eden space 49152K, 99% used [0x00000000d5e00000,0x00000000d8dfa128,0x00000000d8e00000)
  from space 5120K, 31% used [0x00000000d8e00000,0x00000000d8f8fe58,0x00000000d9300000)
  to   space 12800K, 0% used [0x00000000dc500000,0x00000000dc500000,0x00000000dd180000)
 ParOldGen       total 74240K, used 9681K [0x0000000081a00000, 0x0000000086280000, 0x00000000d5e00000)
  object space 74240K, 13% used [0x0000000081a00000,0x0000000082374510,0x0000000086280000)
 Metaspace       used 22663K, capacity 23678K, committed 23936K, reserved 1069056K
  class space    used 3158K, capacity 3408K, committed 3456K, reserved 1048576K
Event: 4.583 GC heap after
Heap after GC invocations=7 (full 1):
 PSYoungGen      total 105984K, used 1530K [0x00000000d5e00000, 0x00000000dd180000, 0x0000000100000000)
  eden space 93184K, 0% used [0x00000000d5e00000,0x00000000d5e00000,0x00000000db900000)
  from space 12800K, 11% used [0x00000000dc500000,0x00000000dc67ea80,0x00000000dd180000)
  to   space 12288K, 0% used [0x00000000db900000,0x00000000db900000,0x00000000dc500000)
 ParOldGen       total 74240K, used 9681K [0x0000000081a00000, 0x0000000086280000, 0x00000000d5e00000)
  object space 74240K, 13% used [0x0000000081a00000,0x0000000082374510,0x0000000086280000)
 Metaspace       used 22663K, capacity 23678K, committed 23936K, reserved 1069056K
  class space    used 3158K, capacity 3408K, committed 3456K, reserved 1048576K
}
Event: 4.615 GC heap before
{Heap before GC invocations=8 (full 1):
 PSYoungGen      total 105984K, used 94670K [0x00000000d5e00000, 0x00000000dd180000, 0x0000000100000000)
  eden space 93184K, 99% used [0x00000000d5e00000,0x00000000db8f4e20,0x00000000db900000)
  from space 12800K, 11% used [0x00000000dc500000,0x00000000dc67ea80,0x00000000dd180000)
  to   space 12288K, 0% used [0x00000000db900000,0x00000000db900000,0x00000000dc500000)
 ParOldGen       total 74240K, used 9681K [0x0000000081a00000, 0x0000000086280000, 0x00000000d5e00000)
  object space 74240K, 13% used [0x0000000081a00000,0x0000000082374510,0x0000000086280000)
 Metaspace       used 22664K, capacity 23678K, committed 23936K, reserved 1069056K
  class space    used 3158K, capacity 3408K, committed 3456K, reserved 1048576K
Event: 4.617 GC heap after
Heap after GC invocations=8 (full 1):
 PSYoungGen      total 105472K, used 1618K [0x00000000d5e00000, 0x00000000e2200000, 0x0000000100000000)
  eden space 93184K, 0% used [0x00000000d5e00000,0x00000000d5e00000,0x00000000db900000)
  from space 12288K, 13% used [0x00000000db900000,0x00000000dba949c8,0x00000000dc500000)
  to   space 11776K, 0% used [0x00000000e1680000,0x00000000e1680000,0x00000000e2200000)
 ParOldGen       total 74240K, used 9681K [0x0000000081a00000, 0x0000000086280000, 0x00000000d5e00000)
  object space 74240K, 13% used [0x0000000081a00000,0x0000000082374510,0x0000000086280000)
 Metaspace       used 22664K, capacity 23678K, committed 23936K, reserved 1069056K
  class space    used 3158K, capacity 3408K, committed 3456K, reserved 1048576K
}
Event: 7.378 GC heap before
{Heap before GC invocations=9 (full 1):
 PSYoungGen      total 105472K, used 94802K [0x00000000d5e00000, 0x00000000e2200000, 0x0000000100000000)
  eden space 93184K, 100% used [0x00000000d5e00000,0x00000000db900000,0x00000000db900000)
  from space 12288K, 13% used [0x00000000db900000,0x00000000dba949c8,0x00000000dc500000)
  to   space 11776K, 0% used [0x00000000e1680000,0x00000000e1680000,0x00000000e2200000)
 ParOldGen       total 74240K, used 9681K [0x0000000081a00000, 0x0000000086280000, 0x00000000d5e00000)
  object space 74240K, 13% used [0x0000000081a00000,0x0000000082374510,0x0000000086280000)
 Metaspace       used 24616K, capacity 25750K, committed 25984K, reserved 1071104K
  class space    used 3378K, capacity 3634K, committed 3712K, reserved 1048576K
Event: 7.386 GC heap after
Heap after GC invocations=9 (full 1):
 PSYoungGen      total 186880K, used 10540K [0x00000000d5e00000, 0x00000000e2400000, 0x0000000100000000)
  eden space 175104K, 0% used [0x00000000d5e00000,0x00000000d5e00000,0x00000000e0900000)
  from space 11776K, 89% used [0x00000000e1680000,0x00000000e20cb320,0x00000000e2200000)
  to   space 13824K, 0% used [0x00000000e0900000,0x00000000e0900000,0x00000000e1680000)
 ParOldGen       total 74240K, used 10985K [0x0000000081a00000, 0x0000000086280000, 0x00000000d5e00000)
  object space 74240K, 14% used [0x0000000081a00000,0x00000000824ba7c8,0x0000000086280000)
 Metaspace       used 24616K, capacity 25750K, committed 25984K, reserved 1071104K
  class space    used 3378K, capacity 3634K, committed 3712K, reserved 1048576K
}

