# JRE version: Java(TM) SE Runtime Environment (8.0_101-b13) (build 1.8.0_101-b13)
# Java VM: Java HotSpot(TM) 64-Bit Server VM (25.101-b13 mixed mode windows-amd64 compressed oops)
Heap:
 PSYoungGen      total 219648K, used 56231K [0x00000000d5e00000, 0x00000000e4280000, 0x0000000100000000)
  eden space 207360K, 23% used [0x00000000d5e00000,0x00000000d8ce4be8,0x00000000e2880000)
  from space 12288K, 66% used [0x00000000e3580000,0x00000000e3d85070,0x00000000e4180000)
  to   space 13312K, 0% used [0x00000000e2880000,0x00000000e2880000,0x00000000e3580000)
 ParOldGen       total 49152K, used 11166K [0x0000000081a00000, 0x0000000084a00000, 0x00000000d5e00000)
  object space 49152K, 22% used [0x0000000081a00000,0x00000000824e7a98,0x0000000084a00000)
 Metaspace       used 26955K, capacity 28144K, committed 28288K, reserved 1073152K
  class space    used 3627K, capacity 3891K, committed 3968K, reserved 1048576K
GC Heap History (10 events):
Event: 13.637 GC heap before
{Heap before GC invocations=7 (full 1):
 PSYoungGen      total 38400K, used 35700K [0x00000000d5e00000, 0x00000000db580000, 0x0000000100000000)
  eden space 33280K, 99% used [0x00000000d5e00000,0x00000000d7e74180,0x00000000d7e80000)
  from space 5120K, 48% used [0x00000000d7e80000,0x00000000d80e8f78,0x00000000d8380000)
  to   space 11776K, 0% used [0x00000000daa00000,0x00000000daa00000,0x00000000db580000)
 ParOldGen       total 49152K, used 8745K [0x0000000081a00000, 0x0000000084a00000, 0x00000000d5e00000)
  object space 49152K, 17% used [0x0000000081a00000,0x000000008228a608,0x0000000084a00000)
 Metaspace       used 24325K, capacity 25368K, committed 25600K, reserved 1071104K
  class space    used 3343K, capacity 3553K, committed 3584K, reserved 1048576K
Event: 13.640 GC heap after
Heap after GC invocations=7 (full 1):
 PSYoungGen      total 76800K, used 2519K [0x00000000d5e00000, 0x00000000db480000, 0x0000000100000000)
  eden space 66048K, 0% used [0x00000000d5e00000,0x00000000d5e00000,0x00000000d9e80000)
  from space 10752K, 23% used [0x00000000daa00000,0x00000000dac75ef0,0x00000000db480000)
  to   space 11264K, 0% used [0x00000000d9e80000,0x00000000d9e80000,0x00000000da980000)
 ParOldGen       total 49152K, used 8745K [0x0000000081a00000, 0x0000000084a00000, 0x00000000d5e00000)
  object space 49152K, 17% used [0x0000000081a00000,0x000000008228a608,0x0000000084a00000)
 Metaspace       used 24325K, capacity 25368K, committed 25600K, reserved 1071104K
  class space    used 3343K, capacity 3553K, committed 3584K, reserved 1048576K
}
Event: 13.660 GC heap before
{Heap before GC invocations=8 (full 1):
 PSYoungGen      total 76800K, used 68526K [0x00000000d5e00000, 0x00000000db480000, 0x0000000100000000)
  eden space 66048K, 99% used [0x00000000d5e00000,0x00000000d9e75ab8,0x00000000d9e80000)
  from space 10752K, 23% used [0x00000000daa00000,0x00000000dac75ef0,0x00000000db480000)
  to   space 11264K, 0% used [0x00000000d9e80000,0x00000000d9e80000,0x00000000da980000)
 ParOldGen       total 49152K, used 8745K [0x0000000081a00000, 0x0000000084a00000, 0x00000000d5e00000)
  object space 49152K, 17% used [0x0000000081a00000,0x000000008228a608,0x0000000084a00000)
 Metaspace       used 24325K, capacity 25368K, committed 25600K, reserved 1071104K
  class space    used 3343K, capacity 3553K, committed 3584K, reserved 1048576K
Event: 13.662 GC heap after
Heap after GC invocations=8 (full 1):
 PSYoungGen      total 77312K, used 2584K [0x00000000d5e00000, 0x00000000df300000, 0x0000000100000000)
  eden space 66048K, 0% used [0x00000000d5e00000,0x00000000d5e00000,0x00000000d9e80000)
  from space 11264K, 22% used [0x00000000d9e80000,0x00000000da106290,0x00000000da980000)
  to   space 10752K, 0% used [0x00000000de880000,0x00000000de880000,0x00000000df300000)
 ParOldGen       total 49152K, used 8753K [0x0000000081a00000, 0x0000000084a00000, 0x00000000d5e00000)
  object space 49152K, 17% used [0x0000000081a00000,0x000000008228c608,0x0000000084a00000)
 Metaspace       used 24325K, capacity 25368K, committed 25600K, reserved 1071104K
  class space    used 3343K, capacity 3553K, committed 3584K, reserved 1048576K
}
Event: 13.678 GC heap before
{Heap before GC invocations=9 (full 1):
 PSYoungGen      total 77312K, used 68510K [0x00000000d5e00000, 0x00000000df300000, 0x0000000100000000)
  eden space 66048K, 99% used [0x00000000d5e00000,0x00000000d9e615a0,0x00000000d9e80000)
  from space 11264K, 22% used [0x00000000d9e80000,0x00000000da106290,0x00000000da980000)
  to   space 10752K, 0% used [0x00000000de880000,0x00000000de880000,0x00000000df300000)
 ParOldGen       total 49152K, used 8753K [0x0000000081a00000, 0x0000000084a00000, 0x00000000d5e00000)
  object space 49152K, 17% used [0x0000000081a00000,0x000000008228c608,0x0000000084a00000)
 Metaspace       used 24325K, capacity 25368K, committed 25600K, reserved 1071104K
  class space    used 3343K, capacity 3553K, committed 3584K, reserved 1048576K
Event: 13.681 GC heap after
Heap after GC invocations=9 (full 1):
 PSYoungGen      total 141824K, used 186K [0x00000000d5e00000, 0x00000000df300000, 0x0000000100000000)
  eden space 131072K, 0% used [0x00000000d5e00000,0x00000000d5e00000,0x00000000dde00000)
  from space 10752K, 1% used [0x00000000de880000,0x00000000de8ae918,0x00000000df300000)
  to   space 10752K, 0% used [0x00000000dde00000,0x00000000dde00000,0x00000000de880000)
 ParOldGen       total 49152K, used 11150K [0x0000000081a00000, 0x0000000084a00000, 0x00000000d5e00000)
  object space 49152K, 22% used [0x0000000081a00000,0x00000000824e3a98,0x0000000084a00000)
 Metaspace       used 24325K, capacity 25368K, committed 25600K, reserved 1071104K
  class space    used 3343K, capacity 3553K, committed 3584K, reserved 1048576K
}
Event: 25.264 GC heap before
{Heap before GC invocations=10 (full 1):
 PSYoungGen      total 141824K, used 131258K [0x00000000d5e00000, 0x00000000df300000, 0x0000000100000000)
  eden space 131072K, 100% used [0x00000000d5e00000,0x00000000dde00000,0x00000000dde00000)
  from space 10752K, 1% used [0x00000000de880000,0x00000000de8ae918,0x00000000df300000)
  to   space 10752K, 0% used [0x00000000dde00000,0x00000000dde00000,0x00000000de880000)
 ParOldGen       total 49152K, used 11150K [0x0000000081a00000, 0x0000000084a00000, 0x00000000d5e00000)
  object space 49152K, 22% used [0x0000000081a00000,0x00000000824e3a98,0x0000000084a00000)
 Metaspace       used 25631K, capacity 26666K, committed 27008K, reserved 1073152K
  class space    used 3475K, capacity 3684K, committed 3712K, reserved 1048576K
Event: 25.270 GC heap after
Heap after GC invocations=10 (full 1):
 PSYoungGen      total 141824K, used 9772K [0x00000000d5e00000, 0x00000000e4180000, 0x0000000100000000)
  eden space 131072K, 0% used [0x00000000d5e00000,0x00000000d5e00000,0x00000000dde00000)
  from space 10752K, 90% used [0x00000000dde00000,0x00000000de78b018,0x00000000de880000)
  to   space 12288K, 0% used [0x00000000e3580000,0x00000000e3580000,0x00000000e4180000)
 ParOldGen       total 49152K, used 11158K [0x0000000081a00000, 0x0000000084a00000, 0x00000000d5e00000)
  object space 49152K, 22% used [0x0000000081a00000,0x00000000824e5a98,0x0000000084a00000)
 Metaspace       used 25631K, capacity 26666K, committed 27008K, reserved 1073152K
  class space    used 3475K, capacity 3684K, committed 3712K, reserved 1048576K
}
Event: 36.407 GC heap before
{Heap before GC invocations=11 (full 1):
 PSYoungGen      total 141824K, used 140844K [0x00000000d5e00000, 0x00000000e4180000, 0x0000000100000000)
  eden space 131072K, 100% used [0x00000000d5e00000,0x00000000dde00000,0x00000000dde00000)
  from space 10752K, 90% used [0x00000000dde00000,0x00000000de78b018,0x00000000de880000)
  to   space 12288K, 0% used [0x00000000e3580000,0x00000000e3580000,0x00000000e4180000)
 ParOldGen       total 49152K, used 11158K [0x0000000081a00000, 0x0000000084a00000, 0x00000000d5e00000)
  object space 49152K, 22% used [0x0000000081a00000,0x00000000824e5a98,0x0000000084a00000)
 Metaspace       used 26110K, capacity 27180K, committed 27392K, reserved 1073152K
  class space    used 3515K, capacity 3759K, committed 3840K, reserved 1048576K
Event: 36.412 GC heap after
Heap after GC invocations=11 (full 1):
 PSYoungGen      total 219648K, used 8212K [0x00000000d5e00000, 0x00000000e4280000, 0x0000000100000000)
  eden space 207360K, 0% used [0x00000000d5e00000,0x00000000d5e00000,0x00000000e2880000)
  from space 12288K, 66% used [0x00000000e3580000,0x00000000e3d85070,0x00000000e4180000)
  to   space 13312K, 0% used [0x00000000e2880000,0x00000000e2880000,0x00000000e3580000)
 ParOldGen       total 49152K, used 11166K [0x0000000081a00000, 0x0000000084a00000, 0x00000000d5e00000)
  object space 49152K, 22% used [0x0000000081a00000,0x00000000824e7a98,0x0000000084a00000)
 Metaspace       used 26110K, capacity 27180K, committed 27392K, reserved 1073152K
  class space    used 3515K, capacity 3759K, committed 3840K, reserved 1048576K
}

