# JRE version: Java(TM) SE Runtime Environment (8.0_101-b13) (build 1.8.0_101-b13)
# Java VM: Java HotSpot(TM) 64-Bit Server VM (25.101-b13 mixed mode windows-amd64 compressed oops)
Heap:
 PSYoungGen      total 173056K, used 24801K [0x00000000d5e00000, 0x00000000e1500000, 0x0000000100000000)
  eden space 161792K, 9% used [0x00000000d5e00000,0x00000000d6db58b0,0x00000000dfc00000)
  from space 11264K, 77% used [0x00000000e0a00000,0x00000000e1282c18,0x00000000e1500000)
  to   space 12800K, 0% used [0x00000000dfc00000,0x00000000dfc00000,0x00000000e0880000)
 ParOldGen       total 73728K, used 10940K [0x0000000081a00000, 0x0000000086200000, 0x00000000d5e00000)
  object space 73728K, 14% used [0x0000000081a00000,0x00000000824af010,0x0000000086200000)
 Metaspace       used 24819K, capacity 25924K, committed 25984K, reserved 1071104K
  class space    used 3399K, capacity 3671K, committed 3712K, reserved 1048576K
GC Heap History (10 events):
Event: 3.611 GC heap before
{Heap before GC invocations=5 (full 1):
 PSYoungGen      total 38400K, used 36041K [0x00000000d5e00000, 0x00000000d9580000, 0x0000000100000000)
  eden space 33280K, 99% used [0x00000000d5e00000,0x00000000d7e7b120,0x00000000d7e80000)
  from space 5120K, 54% used [0x00000000d7e80000,0x00000000d81374b8,0x00000000d8380000)
  to   space 5120K, 0% used [0x00000000d9080000,0x00000000d9080000,0x00000000d9580000)
 ParOldGen       total 73728K, used 9656K [0x0000000081a00000, 0x0000000086200000, 0x00000000d5e00000)
  object space 73728K, 13% used [0x0000000081a00000,0x000000008236e018,0x0000000086200000)
 Metaspace       used 22642K, capacity 23602K, committed 23936K, reserved 1069056K
  class space    used 3158K, capacity 3408K, committed 3456K, reserved 1048576K
Event: 3.613 GC heap after
Heap after GC invocations=5 (full 1):
 PSYoungGen      total 51712K, used 1522K [0x00000000d5e00000, 0x00000000da200000, 0x0000000100000000)
  eden space 46592K, 0% used [0x00000000d5e00000,0x00000000d5e00000,0x00000000d8b80000)
  from space 5120K, 29% used [0x00000000d9080000,0x00000000d91fca78,0x00000000d9580000)
  to   space 5120K, 0% used [0x00000000d8b80000,0x00000000d8b80000,0x00000000d9080000)
 ParOldGen       total 73728K, used 9664K [0x0000000081a00000, 0x0000000086200000, 0x00000000d5e00000)
  object space 73728K, 13% used [0x0000000081a00000,0x0000000082370018,0x0000000086200000)
 Metaspace       used 22642K, capacity 23602K, committed 23936K, reserved 1069056K
  class space    used 3158K, capacity 3408K, committed 3456K, reserved 1048576K
}
Event: 3.628 GC heap before
{Heap before GC invocations=6 (full 1):
 PSYoungGen      total 51712K, used 47997K [0x00000000d5e00000, 0x00000000da200000, 0x0000000100000000)
  eden space 46592K, 99% used [0x00000000d5e00000,0x00000000d8b62c20,0x00000000d8b80000)
  from space 5120K, 29% used [0x00000000d9080000,0x00000000d91fca78,0x00000000d9580000)
  to   space 5120K, 0% used [0x00000000d8b80000,0x00000000d8b80000,0x00000000d9080000)
 ParOldGen       total 73728K, used 9664K [0x0000000081a00000, 0x0000000086200000, 0x00000000d5e00000)
  object space 73728K, 13% used [0x0000000081a00000,0x0000000082370018,0x0000000086200000)
 Metaspace       used 22642K, capacity 23602K, committed 23936K, reserved 1069056K
  class space    used 3158K, capacity 3408K, committed 3456K, reserved 1048576K
Event: 3.630 GC heap after
Heap after GC invocations=6 (full 1):
 PSYoungGen      total 51712K, used 1569K [0x00000000d5e00000, 0x00000000dcb80000, 0x0000000100000000)
  eden space 46592K, 0% used [0x00000000d5e00000,0x00000000d5e00000,0x00000000d8b80000)
  from space 5120K, 30% used [0x00000000d8b80000,0x00000000d8d08768,0x00000000d9080000)
  to   space 12800K, 0% used [0x00000000dbf00000,0x00000000dbf00000,0x00000000dcb80000)
 ParOldGen       total 73728K, used 9664K [0x0000000081a00000, 0x0000000086200000, 0x00000000d5e00000)
  object space 73728K, 13% used [0x0000000081a00000,0x0000000082370018,0x0000000086200000)
 Metaspace       used 22642K, capacity 23602K, committed 23936K, reserved 1069056K
  class space    used 3158K, capacity 3408K, committed 3456K, reserved 1048576K
}
Event: 3.641 GC heap before
{Heap before GC invocations=7 (full 1):
 PSYoungGen      total 51712K, used 48056K [0x00000000d5e00000, 0x00000000dcb80000, 0x0000000100000000)
  eden space 46592K, 99% used [0x00000000d5e00000,0x00000000d8b65a28,0x00000000d8b80000)
  from space 5120K, 30% used [0x00000000d8b80000,0x00000000d8d08768,0x00000000d9080000)
  to   space 12800K, 0% used [0x00000000dbf00000,0x00000000dbf00000,0x00000000dcb80000)
 ParOldGen       total 73728K, used 9664K [0x0000000081a00000, 0x0000000086200000, 0x00000000d5e00000)
  object space 73728K, 13% used [0x0000000081a00000,0x0000000082370018,0x0000000086200000)
 Metaspace       used 22642K, capacity 23602K, committed 23936K, reserved 1069056K
  class space    used 3158K, capacity 3408K, committed 3456K, reserved 1048576K
Event: 3.643 GC heap after
Heap after GC invocations=7 (full 1):
 PSYoungGen      total 99840K, used 1626K [0x00000000d5e00000, 0x00000000dcc00000, 0x0000000100000000)
  eden space 87040K, 0% used [0x00000000d5e00000,0x00000000d5e00000,0x00000000db300000)
  from space 12800K, 12% used [0x00000000dbf00000,0x00000000dc096af8,0x00000000dcb80000)
  to   space 12288K, 0% used [0x00000000db300000,0x00000000db300000,0x00000000dbf00000)
 ParOldGen       total 73728K, used 9664K [0x0000000081a00000, 0x0000000086200000, 0x00000000d5e00000)
  object space 73728K, 13% used [0x0000000081a00000,0x0000000082370018,0x0000000086200000)
 Metaspace       used 22642K, capacity 23602K, committed 23936K, reserved 1069056K
  class space    used 3158K, capacity 3408K, committed 3456K, reserved 1048576K
}
Event: 3.670 GC heap before
{Heap before GC invocations=8 (full 1):
 PSYoungGen      total 99840K, used 88500K [0x00000000d5e00000, 0x00000000dcc00000, 0x0000000100000000)
  eden space 87040K, 99% used [0x00000000d5e00000,0x00000000db2d6718,0x00000000db300000)
  from space 12800K, 12% used [0x00000000dbf00000,0x00000000dc096af8,0x00000000dcb80000)
  to   space 12288K, 0% used [0x00000000db300000,0x00000000db300000,0x00000000dbf00000)
 ParOldGen       total 73728K, used 9664K [0x0000000081a00000, 0x0000000086200000, 0x00000000d5e00000)
  object space 73728K, 13% used [0x0000000081a00000,0x0000000082370018,0x0000000086200000)
 Metaspace       used 22643K, capacity 23602K, committed 23936K, reserved 1069056K
  class space    used 3158K, capacity 3408K, committed 3456K, reserved 1048576K
Event: 3.673 GC heap after
Heap after GC invocations=8 (full 1):
 PSYoungGen      total 99328K, used 1582K [0x00000000d5e00000, 0x00000000e1580000, 0x0000000100000000)
  eden space 87040K, 0% used [0x00000000d5e00000,0x00000000d5e00000,0x00000000db300000)
  from space 12288K, 12% used [0x00000000db300000,0x00000000db48b8e8,0x00000000dbf00000)
  to   space 11776K, 0% used [0x00000000e0a00000,0x00000000e0a00000,0x00000000e1580000)
 ParOldGen       total 73728K, used 9664K [0x0000000081a00000, 0x0000000086200000, 0x00000000d5e00000)
  object space 73728K, 13% used [0x0000000081a00000,0x0000000082370018,0x0000000086200000)
 Metaspace       used 22643K, capacity 23602K, committed 23936K, reserved 1069056K
  class space    used 3158K, capacity 3408K, committed 3456K, reserved 1048576K
}
Event: 8.071 GC heap before
{Heap before GC invocations=9 (full 1):
 PSYoungGen      total 99328K, used 88622K [0x00000000d5e00000, 0x00000000e1580000, 0x0000000100000000)
  eden space 87040K, 100% used [0x00000000d5e00000,0x00000000db300000,0x00000000db300000)
  from space 12288K, 12% used [0x00000000db300000,0x00000000db48b8e8,0x00000000dbf00000)
  to   space 11776K, 0% used [0x00000000e0a00000,0x00000000e0a00000,0x00000000e1580000)
 ParOldGen       total 73728K, used 9664K [0x0000000081a00000, 0x0000000086200000, 0x00000000d5e00000)
  object space 73728K, 13% used [0x0000000081a00000,0x0000000082370018,0x0000000086200000)
 Metaspace       used 24802K, capacity 25924K, committed 25984K, reserved 1071104K
  class space    used 3398K, capacity 3671K, committed 3712K, reserved 1048576K
Event: 8.079 GC heap after
Heap after GC invocations=9 (full 1):
 PSYoungGen      total 173056K, used 8715K [0x00000000d5e00000, 0x00000000e1500000, 0x0000000100000000)
  eden space 161792K, 0% used [0x00000000d5e00000,0x00000000d5e00000,0x00000000dfc00000)
  from space 11264K, 77% used [0x00000000e0a00000,0x00000000e1282c18,0x00000000e1500000)
  to   space 12800K, 0% used [0x00000000dfc00000,0x00000000dfc00000,0x00000000e0880000)
 ParOldGen       total 73728K, used 10940K [0x0000000081a00000, 0x0000000086200000, 0x00000000d5e00000)
  object space 73728K, 14% used [0x0000000081a00000,0x00000000824af010,0x0000000086200000)
 Metaspace       used 24802K, capacity 25924K, committed 25984K, reserved 1071104K
  class space    used 3398K, capacity 3671K, committed 3712K, reserved 1048576K
}

