# JRE version: Java(TM) SE Runtime Environment (8.0_101-b13) (build 1.8.0_101-b13)
# Java VM: Java HotSpot(TM) 64-Bit Server VM (25.101-b13 mixed mode windows-amd64 compressed oops)
Heap:
 PSYoungGen      total 167936K, used 49119K [0x00000000d5e00000, 0x00000000e1080000, 0x0000000100000000)
  eden space 158208K, 26% used [0x00000000d5e00000,0x00000000d86a52f8,0x00000000df880000)
  from space 9728K, 77% used [0x00000000e0700000,0x00000000e0e52cb8,0x00000000e1080000)
  to   space 12288K, 0% used [0x00000000df880000,0x00000000df880000,0x00000000e0480000)
 ParOldGen       total 74752K, used 10973K [0x0000000081a00000, 0x0000000086300000, 0x00000000d5e00000)
  object space 74752K, 14% used [0x0000000081a00000,0x00000000824b7598,0x0000000086300000)
 Metaspace       used 24928K, capacity 26076K, committed 26240K, reserved 1071104K
  class space    used 3407K, capacity 3673K, committed 3712K, reserved 1048576K
GC Heap History (10 events):
Event: 3.576 GC heap before
{Heap before GC invocations=5 (full 1):
 PSYoungGen      total 38400K, used 36035K [0x00000000d5e00000, 0x00000000d9500000, 0x0000000100000000)
  eden space 33280K, 99% used [0x00000000d5e00000,0x00000000d7e7b1c8,0x00000000d7e80000)
  from space 5120K, 54% used [0x00000000d7e80000,0x00000000d8135d48,0x00000000d8380000)
  to   space 5120K, 0% used [0x00000000d9000000,0x00000000d9000000,0x00000000d9500000)
 ParOldGen       total 74752K, used 9668K [0x0000000081a00000, 0x0000000086300000, 0x00000000d5e00000)
  object space 74752K, 12% used [0x0000000081a00000,0x00000000823712e0,0x0000000086300000)
 Metaspace       used 22624K, capacity 23610K, committed 23936K, reserved 1069056K
  class space    used 3157K, capacity 3408K, committed 3456K, reserved 1048576K
Event: 3.579 GC heap after
Heap after GC invocations=5 (full 1):
 PSYoungGen      total 51200K, used 1503K [0x00000000d5e00000, 0x00000000da280000, 0x0000000100000000)
  eden space 46080K, 0% used [0x00000000d5e00000,0x00000000d5e00000,0x00000000d8b00000)
  from space 5120K, 29% used [0x00000000d9000000,0x00000000d9177f88,0x00000000d9500000)
  to   space 5120K, 0% used [0x00000000d8b00000,0x00000000d8b00000,0x00000000d9000000)
 ParOldGen       total 74752K, used 9676K [0x0000000081a00000, 0x0000000086300000, 0x00000000d5e00000)
  object space 74752K, 12% used [0x0000000081a00000,0x00000000823732e0,0x0000000086300000)
 Metaspace       used 22624K, capacity 23610K, committed 23936K, reserved 1069056K
  class space    used 3157K, capacity 3408K, committed 3456K, reserved 1048576K
}
Event: 3.593 GC heap before
{Heap before GC invocations=6 (full 1):
 PSYoungGen      total 51200K, used 47498K [0x00000000d5e00000, 0x00000000da280000, 0x0000000100000000)
  eden space 46080K, 99% used [0x00000000d5e00000,0x00000000d8aeabe8,0x00000000d8b00000)
  from space 5120K, 29% used [0x00000000d9000000,0x00000000d9177f88,0x00000000d9500000)
  to   space 5120K, 0% used [0x00000000d8b00000,0x00000000d8b00000,0x00000000d9000000)
 ParOldGen       total 74752K, used 9676K [0x0000000081a00000, 0x0000000086300000, 0x00000000d5e00000)
  object space 74752K, 12% used [0x0000000081a00000,0x00000000823732e0,0x0000000086300000)
 Metaspace       used 22624K, capacity 23610K, committed 23936K, reserved 1069056K
  class space    used 3157K, capacity 3408K, committed 3456K, reserved 1048576K
Event: 3.595 GC heap after
Heap after GC invocations=6 (full 1):
 PSYoungGen      total 51200K, used 1565K [0x00000000d5e00000, 0x00000000dca80000, 0x0000000100000000)
  eden space 46080K, 0% used [0x00000000d5e00000,0x00000000d5e00000,0x00000000d8b00000)
  from space 5120K, 30% used [0x00000000d8b00000,0x00000000d8c876c0,0x00000000d9000000)
  to   space 12800K, 0% used [0x00000000dbe00000,0x00000000dbe00000,0x00000000dca80000)
 ParOldGen       total 74752K, used 9676K [0x0000000081a00000, 0x0000000086300000, 0x00000000d5e00000)
  object space 74752K, 12% used [0x0000000081a00000,0x00000000823732e0,0x0000000086300000)
 Metaspace       used 22624K, capacity 23610K, committed 23936K, reserved 1069056K
  class space    used 3157K, capacity 3408K, committed 3456K, reserved 1048576K
}
Event: 3.606 GC heap before
{Heap before GC invocations=7 (full 1):
 PSYoungGen      total 51200K, used 47517K [0x00000000d5e00000, 0x00000000dca80000, 0x0000000100000000)
  eden space 46080K, 99% used [0x00000000d5e00000,0x00000000d8ae0028,0x00000000d8b00000)
  from space 5120K, 30% used [0x00000000d8b00000,0x00000000d8c876c0,0x00000000d9000000)
  to   space 12800K, 0% used [0x00000000dbe00000,0x00000000dbe00000,0x00000000dca80000)
 ParOldGen       total 74752K, used 9676K [0x0000000081a00000, 0x0000000086300000, 0x00000000d5e00000)
  object space 74752K, 12% used [0x0000000081a00000,0x00000000823732e0,0x0000000086300000)
 Metaspace       used 22624K, capacity 23610K, committed 23936K, reserved 1069056K
  class space    used 3157K, capacity 3408K, committed 3456K, reserved 1048576K
Event: 3.608 GC heap after
Heap after GC invocations=7 (full 1):
 PSYoungGen      total 98816K, used 1544K [0x00000000d5e00000, 0x00000000dcb00000, 0x0000000100000000)
  eden space 86016K, 0% used [0x00000000d5e00000,0x00000000d5e00000,0x00000000db200000)
  from space 12800K, 12% used [0x00000000dbe00000,0x00000000dbf82270,0x00000000dca80000)
  to   space 12288K, 0% used [0x00000000db200000,0x00000000db200000,0x00000000dbe00000)
 ParOldGen       total 74752K, used 9676K [0x0000000081a00000, 0x0000000086300000, 0x00000000d5e00000)
  object space 74752K, 12% used [0x0000000081a00000,0x00000000823732e0,0x0000000086300000)
 Metaspace       used 22624K, capacity 23610K, committed 23936K, reserved 1069056K
  class space    used 3157K, capacity 3408K, committed 3456K, reserved 1048576K
}
Event: 3.638 GC heap before
{Heap before GC invocations=8 (full 1):
 PSYoungGen      total 98816K, used 87502K [0x00000000d5e00000, 0x00000000dcb00000, 0x0000000100000000)
  eden space 86016K, 99% used [0x00000000d5e00000,0x00000000db1f1980,0x00000000db200000)
  from space 12800K, 12% used [0x00000000dbe00000,0x00000000dbf82270,0x00000000dca80000)
  to   space 12288K, 0% used [0x00000000db200000,0x00000000db200000,0x00000000dbe00000)
 ParOldGen       total 74752K, used 9676K [0x0000000081a00000, 0x0000000086300000, 0x00000000d5e00000)
  object space 74752K, 12% used [0x0000000081a00000,0x00000000823732e0,0x0000000086300000)
 Metaspace       used 22625K, capacity 23610K, committed 23936K, reserved 1069056K
  class space    used 3157K, capacity 3408K, committed 3456K, reserved 1048576K
Event: 3.640 GC heap after
Heap after GC invocations=8 (full 1):
 PSYoungGen      total 98304K, used 1597K [0x00000000d5e00000, 0x00000000e1280000, 0x0000000100000000)
  eden space 86016K, 0% used [0x00000000d5e00000,0x00000000d5e00000,0x00000000db200000)
  from space 12288K, 12% used [0x00000000db200000,0x00000000db38f508,0x00000000dbe00000)
  to   space 11776K, 0% used [0x00000000e0700000,0x00000000e0700000,0x00000000e1280000)
 ParOldGen       total 74752K, used 9676K [0x0000000081a00000, 0x0000000086300000, 0x00000000d5e00000)
  object space 74752K, 12% used [0x0000000081a00000,0x00000000823732e0,0x0000000086300000)
 Metaspace       used 22625K, capacity 23610K, committed 23936K, reserved 1069056K
  class space    used 3157K, capacity 3408K, committed 3456K, reserved 1048576K
}
Event: 6.043 GC heap before
{Heap before GC invocations=9 (full 1):
 PSYoungGen      total 98304K, used 87613K [0x00000000d5e00000, 0x00000000e1280000, 0x0000000100000000)
  eden space 86016K, 100% used [0x00000000d5e00000,0x00000000db200000,0x00000000db200000)
  from space 12288K, 12% used [0x00000000db200000,0x00000000db38f508,0x00000000dbe00000)
  to   space 11776K, 0% used [0x00000000e0700000,0x00000000e0700000,0x00000000e1280000)
 ParOldGen       total 74752K, used 9676K [0x0000000081a00000, 0x0000000086300000, 0x00000000d5e00000)
  object space 74752K, 12% used [0x0000000081a00000,0x00000000823732e0,0x0000000086300000)
 Metaspace       used 24275K, capacity 25330K, committed 25472K, reserved 1071104K
  class space    used 3343K, capacity 3598K, committed 3712K, reserved 1048576K
Event: 6.051 GC heap after
Heap after GC invocations=9 (full 1):
 PSYoungGen      total 167936K, used 7499K [0x00000000d5e00000, 0x00000000e1080000, 0x0000000100000000)
  eden space 158208K, 0% used [0x00000000d5e00000,0x00000000d5e00000,0x00000000df880000)
  from space 9728K, 77% used [0x00000000e0700000,0x00000000e0e52cb8,0x00000000e1080000)
  to   space 12288K, 0% used [0x00000000df880000,0x00000000df880000,0x00000000e0480000)
 ParOldGen       total 74752K, used 10973K [0x0000000081a00000, 0x0000000086300000, 0x00000000d5e00000)
  object space 74752K, 14% used [0x0000000081a00000,0x00000000824b7598,0x0000000086300000)
 Metaspace       used 24275K, capacity 25330K, committed 25472K, reserved 1071104K
  class space    used 3343K, capacity 3598K, committed 3712K, reserved 1048576K
}

