# JRE version: Java(TM) SE Runtime Environment (8.0_101-b13) (build 1.8.0_101-b13)
# Java VM: Java HotSpot(TM) 64-Bit Server VM (25.101-b13 mixed mode windows-amd64 compressed oops)
Heap:
 PSYoungGen      total 167936K, used 53896K [0x00000000d5e00000, 0x00000000e1080000, 0x0000000100000000)
  eden space 157184K, 28% used [0x00000000d5e00000,0x00000000d8a22a68,0x00000000df780000)
  from space 10752K, 80% used [0x00000000e0600000,0x00000000e0e7f670,0x00000000e1080000)
  to   space 12800K, 0% used [0x00000000df780000,0x00000000df780000,0x00000000e0400000)
 ParOldGen       total 74240K, used 11043K [0x0000000081a00000, 0x0000000086280000, 0x00000000d5e00000)
  object space 74240K, 14% used [0x0000000081a00000,0x00000000824c8d38,0x0000000086280000)
 Metaspace       used 24983K, capacity 26140K, committed 26240K, reserved 1071104K
  class space    used 3409K, capacity 3673K, committed 3712K, reserved 1048576K
GC Heap History (10 events):
Event: 2.938 GC heap before
{Heap before GC invocations=5 (full 1):
 PSYoungGen      total 38400K, used 36035K [0x00000000d5e00000, 0x00000000d9580000, 0x0000000100000000)
  eden space 33280K, 99% used [0x00000000d5e00000,0x00000000d7e7a960,0x00000000d7e80000)
  from space 5120K, 54% used [0x00000000d7e80000,0x00000000d8136650,0x00000000d8380000)
  to   space 5120K, 0% used [0x00000000d9080000,0x00000000d9080000,0x00000000d9580000)
 ParOldGen       total 74240K, used 9658K [0x0000000081a00000, 0x0000000086280000, 0x00000000d5e00000)
  object space 74240K, 13% used [0x0000000081a00000,0x000000008236e8c8,0x0000000086280000)
 Metaspace       used 22595K, capacity 23618K, committed 23936K, reserved 1069056K
  class space    used 3156K, capacity 3408K, committed 3456K, reserved 1048576K
Event: 2.940 GC heap after
Heap after GC invocations=5 (full 1):
 PSYoungGen      total 51712K, used 1503K [0x00000000d5e00000, 0x00000000da100000, 0x0000000100000000)
  eden space 46592K, 0% used [0x00000000d5e00000,0x00000000d5e00000,0x00000000d8b80000)
  from space 5120K, 29% used [0x00000000d9080000,0x00000000d91f7d90,0x00000000d9580000)
  to   space 5120K, 0% used [0x00000000d8b80000,0x00000000d8b80000,0x00000000d9080000)
 ParOldGen       total 74240K, used 9666K [0x0000000081a00000, 0x0000000086280000, 0x00000000d5e00000)
  object space 74240K, 13% used [0x0000000081a00000,0x00000000823708c8,0x0000000086280000)
 Metaspace       used 22595K, capacity 23618K, committed 23936K, reserved 1069056K
  class space    used 3156K, capacity 3408K, committed 3456K, reserved 1048576K
}
Event: 2.955 GC heap before
{Heap before GC invocations=6 (full 1):
 PSYoungGen      total 51712K, used 48003K [0x00000000d5e00000, 0x00000000da100000, 0x0000000100000000)
  eden space 46592K, 99% used [0x00000000d5e00000,0x00000000d8b68ea0,0x00000000d8b80000)
  from space 5120K, 29% used [0x00000000d9080000,0x00000000d91f7d90,0x00000000d9580000)
  to   space 5120K, 0% used [0x00000000d8b80000,0x00000000d8b80000,0x00000000d9080000)
 ParOldGen       total 74240K, used 9666K [0x0000000081a00000, 0x0000000086280000, 0x00000000d5e00000)
  object space 74240K, 13% used [0x0000000081a00000,0x00000000823708c8,0x0000000086280000)
 Metaspace       used 22595K, capacity 23618K, committed 23936K, reserved 1069056K
  class space    used 3156K, capacity 3408K, committed 3456K, reserved 1048576K
Event: 2.957 GC heap after
Heap after GC invocations=6 (full 1):
 PSYoungGen      total 51712K, used 1518K [0x00000000d5e00000, 0x00000000dca80000, 0x0000000100000000)
  eden space 46592K, 0% used [0x00000000d5e00000,0x00000000d5e00000,0x00000000d8b80000)
  from space 5120K, 29% used [0x00000000d8b80000,0x00000000d8cfb818,0x00000000d9080000)
  to   space 12800K, 0% used [0x00000000dbe00000,0x00000000dbe00000,0x00000000dca80000)
 ParOldGen       total 74240K, used 9666K [0x0000000081a00000, 0x0000000086280000, 0x00000000d5e00000)
  object space 74240K, 13% used [0x0000000081a00000,0x00000000823708c8,0x0000000086280000)
 Metaspace       used 22595K, capacity 23618K, committed 23936K, reserved 1069056K
  class space    used 3156K, capacity 3408K, committed 3456K, reserved 1048576K
}
Event: 2.969 GC heap before
{Heap before GC invocations=7 (full 1):
 PSYoungGen      total 51712K, used 48025K [0x00000000d5e00000, 0x00000000dca80000, 0x0000000100000000)
  eden space 46592K, 99% used [0x00000000d5e00000,0x00000000d8b6ad10,0x00000000d8b80000)
  from space 5120K, 29% used [0x00000000d8b80000,0x00000000d8cfb818,0x00000000d9080000)
  to   space 12800K, 0% used [0x00000000dbe00000,0x00000000dbe00000,0x00000000dca80000)
 ParOldGen       total 74240K, used 9666K [0x0000000081a00000, 0x0000000086280000, 0x00000000d5e00000)
  object space 74240K, 13% used [0x0000000081a00000,0x00000000823708c8,0x0000000086280000)
 Metaspace       used 22595K, capacity 23618K, committed 23936K, reserved 1069056K
  class space    used 3156K, capacity 3408K, committed 3456K, reserved 1048576K
Event: 2.971 GC heap after
Heap after GC invocations=7 (full 1):
 PSYoungGen      total 98816K, used 1558K [0x00000000d5e00000, 0x00000000dcb00000, 0x0000000100000000)
  eden space 86016K, 0% used [0x00000000d5e00000,0x00000000d5e00000,0x00000000db200000)
  from space 12800K, 12% used [0x00000000dbe00000,0x00000000dbf85978,0x00000000dca80000)
  to   space 12288K, 0% used [0x00000000db200000,0x00000000db200000,0x00000000dbe00000)
 ParOldGen       total 74240K, used 9666K [0x0000000081a00000, 0x0000000086280000, 0x00000000d5e00000)
  object space 74240K, 13% used [0x0000000081a00000,0x00000000823708c8,0x0000000086280000)
 Metaspace       used 22595K, capacity 23618K, committed 23936K, reserved 1069056K
  class space    used 3156K, capacity 3408K, committed 3456K, reserved 1048576K
}
Event: 3.000 GC heap before
{Heap before GC invocations=8 (full 1):
 PSYoungGen      total 98816K, used 87507K [0x00000000d5e00000, 0x00000000dcb00000, 0x0000000100000000)
  eden space 86016K, 99% used [0x00000000d5e00000,0x00000000db1ef470,0x00000000db200000)
  from space 12800K, 12% used [0x00000000dbe00000,0x00000000dbf85978,0x00000000dca80000)
  to   space 12288K, 0% used [0x00000000db200000,0x00000000db200000,0x00000000dbe00000)
 ParOldGen       total 74240K, used 9666K [0x0000000081a00000, 0x0000000086280000, 0x00000000d5e00000)
  object space 74240K, 13% used [0x0000000081a00000,0x00000000823708c8,0x0000000086280000)
 Metaspace       used 22596K, capacity 23618K, committed 23936K, reserved 1069056K
  class space    used 3156K, capacity 3408K, committed 3456K, reserved 1048576K
Event: 3.002 GC heap after
Heap after GC invocations=8 (full 1):
 PSYoungGen      total 98304K, used 1613K [0x00000000d5e00000, 0x00000000e1180000, 0x0000000100000000)
  eden space 86016K, 0% used [0x00000000d5e00000,0x00000000d5e00000,0x00000000db200000)
  from space 12288K, 13% used [0x00000000db200000,0x00000000db3936a8,0x00000000dbe00000)
  to   space 11776K, 0% used [0x00000000e0600000,0x00000000e0600000,0x00000000e1180000)
 ParOldGen       total 74240K, used 9674K [0x0000000081a00000, 0x0000000086280000, 0x00000000d5e00000)
  object space 74240K, 13% used [0x0000000081a00000,0x00000000823728c8,0x0000000086280000)
 Metaspace       used 22596K, capacity 23618K, committed 23936K, reserved 1069056K
  class space    used 3156K, capacity 3408K, committed 3456K, reserved 1048576K
}
Event: 5.359 GC heap before
{Heap before GC invocations=9 (full 1):
 PSYoungGen      total 98304K, used 87629K [0x00000000d5e00000, 0x00000000e1180000, 0x0000000100000000)
  eden space 86016K, 100% used [0x00000000d5e00000,0x00000000db200000,0x00000000db200000)
  from space 12288K, 13% used [0x00000000db200000,0x00000000db3936a8,0x00000000dbe00000)
  to   space 11776K, 0% used [0x00000000e0600000,0x00000000e0600000,0x00000000e1180000)
 ParOldGen       total 74240K, used 9674K [0x0000000081a00000, 0x0000000086280000, 0x00000000d5e00000)
  object space 74240K, 13% used [0x0000000081a00000,0x00000000823728c8,0x0000000086280000)
 Metaspace       used 24264K, capacity 25330K, committed 25472K, reserved 1071104K
  class space    used 3342K, capacity 3598K, committed 3712K, reserved 1048576K
Event: 5.365 GC heap after
Heap after GC invocations=9 (full 1):
 PSYoungGen      total 167936K, used 8701K [0x00000000d5e00000, 0x00000000e1080000, 0x0000000100000000)
  eden space 157184K, 0% used [0x00000000d5e00000,0x00000000d5e00000,0x00000000df780000)
  from space 10752K, 80% used [0x00000000e0600000,0x00000000e0e7f670,0x00000000e1080000)
  to   space 12800K, 0% used [0x00000000df780000,0x00000000df780000,0x00000000e0400000)
 ParOldGen       total 74240K, used 11043K [0x0000000081a00000, 0x0000000086280000, 0x00000000d5e00000)
  object space 74240K, 14% used [0x0000000081a00000,0x00000000824c8d38,0x0000000086280000)
 Metaspace       used 24264K, capacity 25330K, committed 25472K, reserved 1071104K
  class space    used 3342K, capacity 3598K, committed 3712K, reserved 1048576K
}

